{"/var/app/backend/ormconfig.js": {"path":"/var/app/backend/ormconfig.js","statementMap":{"0":{"start":{"line":1,"column":15},"end":{"line":15,"column":1}},"1":{"start":{"line":2,"column":17},"end":{"line":2,"column":21}},"2":{"start":{"line":3,"column":4},"end":{"line":12,"column":5}},"3":{"start":{"line":6,"column":12},"end":{"line":6,"column":27}},"4":{"start":{"line":7,"column":12},"end":{"line":7,"column":18}},"5":{"start":{"line":10,"column":12},"end":{"line":10,"column":32}},"6":{"start":{"line":11,"column":12},"end":{"line":11,"column":18}},"7":{"start":{"line":14,"column":4},"end":{"line":14,"column":31}},"8":{"start":{"line":17,"column":15},"end":{"line":34,"column":1}},"9":{"start":{"line":35,"column":0},"end":{"line":35,"column":24}}},"fnMap":{"0":{"name":"(anonymous_0)","decl":{"start":{"line":1,"column":15},"end":{"line":1,"column":16}},"loc":{"start":{"line":1,"column":25},"end":{"line":15,"column":1}},"line":1}},"branchMap":{"0":{"loc":{"start":{"line":3,"column":4},"end":{"line":12,"column":5}},"type":"switch","locations":[{"start":{"line":5,"column":8},"end":{"line":7,"column":18}},{"start":{"line":8,"column":8},"end":{"line":8,"column":27}},{"start":{"line":9,"column":8},"end":{"line":11,"column":18}}],"line":3}},"s":{"0":6,"1":36,"2":36,"3":36,"4":36,"5":0,"6":0,"7":36,"8":6,"9":6},"f":{"0":36},"b":{"0":[36,0,0]},"inputSourceMap":null,"_coverageSchema":"1a1c01bbd47fc00a2c39e90264f33305004495a9","hash":"e02cd6f8515da2f4b82eede35cc3d3add563914c"}
,"/var/app/backend/src/controller/booking.controller.ts": {"path":"/var/app/backend/src/controller/booking.controller.ts","statementMap":{"0":{"start":{"line":2,"column":0},"end":{"line":2,"column":40}},"1":{"start":{"line":3,"column":0},"end":{"line":3,"column":44}},"2":{"start":{"line":7,"column":13},"end":{"line":22,"column":null}},"3":{"start":{"line":7,"column":65},"end":{"line":22,"column":null}},"4":{"start":{"line":8,"column":30},"end":{"line":8,"column":58}},"5":{"start":{"line":9,"column":4},"end":{"line":21,"column":null}},"6":{"start":{"line":10,"column":25},"end":{"line":10,"column":92}},"7":{"start":{"line":12,"column":8},"end":{"line":14,"column":11}},"8":{"start":{"line":17,"column":8},"end":{"line":17,"column":25}},"9":{"start":{"line":18,"column":8},"end":{"line":20,"column":11}},"10":{"start":{"line":24,"column":13},"end":{"line":46,"column":null}},"11":{"start":{"line":24,"column":66},"end":{"line":46,"column":null}},"12":{"start":{"line":25,"column":30},"end":{"line":25,"column":58}},"13":{"start":{"line":26,"column":47},"end":{"line":26,"column":55}},"14":{"start":{"line":27,"column":20},"end":{"line":27,"column":33}},"15":{"start":{"line":29,"column":4},"end":{"line":45,"column":6}},"16":{"start":{"line":30,"column":8},"end":{"line":30,"column":28}},"17":{"start":{"line":31,"column":8},"end":{"line":31,"column":32}},"18":{"start":{"line":32,"column":8},"end":{"line":32,"column":34}},"19":{"start":{"line":33,"column":8},"end":{"line":33,"column":38}},"20":{"start":{"line":34,"column":8},"end":{"line":34,"column":null}},"21":{"start":{"line":35,"column":31},"end":{"line":35,"column":68}},"22":{"start":{"line":36,"column":8},"end":{"line":38,"column":11}},"23":{"start":{"line":41,"column":8},"end":{"line":41,"column":25}},"24":{"start":{"line":42,"column":8},"end":{"line":44,"column":11}},"25":{"start":{"line":48,"column":13},"end":{"line":65,"column":null}},"26":{"start":{"line":48,"column":70},"end":{"line":65,"column":null}},"27":{"start":{"line":49,"column":30},"end":{"line":49,"column":58}},"28":{"start":{"line":50,"column":22},"end":{"line":50,"column":42}},"29":{"start":{"line":52,"column":4},"end":{"line":64,"column":null}},"30":{"start":{"line":53,"column":24},"end":{"line":53,"column":72}},"31":{"start":{"line":54,"column":8},"end":{"line":54,"column":48}},"32":{"start":{"line":55,"column":8},"end":{"line":57,"column":11}},"33":{"start":{"line":60,"column":8},"end":{"line":60,"column":25}},"34":{"start":{"line":61,"column":8},"end":{"line":63,"column":11}},"35":{"start":{"line":67,"column":13},"end":{"line":97,"column":null}},"36":{"start":{"line":67,"column":69},"end":{"line":97,"column":null}},"37":{"start":{"line":68,"column":30},"end":{"line":68,"column":58}},"38":{"start":{"line":69,"column":22},"end":{"line":69,"column":42}},"39":{"start":{"line":71,"column":21},"end":{"line":71,"column":34}},"40":{"start":{"line":73,"column":4},"end":{"line":96,"column":null}},"41":{"start":{"line":74,"column":8},"end":{"line":74,"column":70}},"42":{"start":{"line":75,"column":25},"end":{"line":75,"column":38}},"43":{"start":{"line":76,"column":8},"end":{"line":76,"column":30}},"44":{"start":{"line":78,"column":8},"end":{"line":78,"column":46}},"45":{"start":{"line":79,"column":8},"end":{"line":79,"column":49}},"46":{"start":{"line":82,"column":32},"end":{"line":82,"column":45}},"47":{"start":{"line":83,"column":8},"end":{"line":83,"column":77}},"48":{"start":{"line":84,"column":8},"end":{"line":84,"column":null}},"49":{"start":{"line":86,"column":8},"end":{"line":88,"column":11}},"50":{"start":{"line":92,"column":8},"end":{"line":92,"column":25}},"51":{"start":{"line":93,"column":8},"end":{"line":95,"column":11}}},"fnMap":{"0":{"name":"(anonymous_7)","decl":{"start":{"line":7,"column":30},"end":{"line":7,"column":36}},"loc":{"start":{"line":7,"column":65},"end":{"line":22,"column":null}}},"1":{"name":"(anonymous_8)","decl":{"start":{"line":7,"column":65},"end":{"line":7,"column":null}},"loc":{"start":{"line":7,"column":65},"end":{"line":22,"column":1}}},"2":{"name":"(anonymous_9)","decl":{"start":{"line":24,"column":29},"end":{"line":24,"column":35}},"loc":{"start":{"line":24,"column":66},"end":{"line":46,"column":null}}},"3":{"name":"(anonymous_10)","decl":{"start":{"line":24,"column":66},"end":{"line":24,"column":null}},"loc":{"start":{"line":24,"column":66},"end":{"line":46,"column":1}}},"4":{"name":"(anonymous_11)","decl":{"start":{"line":48,"column":33},"end":{"line":48,"column":39}},"loc":{"start":{"line":48,"column":70},"end":{"line":65,"column":null}}},"5":{"name":"(anonymous_12)","decl":{"start":{"line":48,"column":70},"end":{"line":48,"column":null}},"loc":{"start":{"line":48,"column":70},"end":{"line":65,"column":1}}},"6":{"name":"(anonymous_13)","decl":{"start":{"line":67,"column":32},"end":{"line":67,"column":38}},"loc":{"start":{"line":67,"column":69},"end":{"line":97,"column":null}}},"7":{"name":"(anonymous_14)","decl":{"start":{"line":67,"column":69},"end":{"line":67,"column":null}},"loc":{"start":{"line":67,"column":69},"end":{"line":97,"column":1}}}},"branchMap":{},"s":{"0":6,"1":6,"2":6,"3":1,"4":1,"5":1,"6":1,"7":1,"8":0,"9":0,"10":6,"11":1,"12":1,"13":1,"14":1,"15":1,"16":1,"17":1,"18":1,"19":1,"20":1,"21":1,"22":1,"23":0,"24":0,"25":6,"26":1,"27":1,"28":1,"29":1,"30":1,"31":1,"32":1,"33":0,"34":0,"35":6,"36":1,"37":1,"38":1,"39":1,"40":1,"41":1,"42":1,"43":1,"44":1,"45":1,"46":1,"47":1,"48":1,"49":1,"50":0,"51":0},"f":{"0":1,"1":1,"2":1,"3":1,"4":1,"5":1,"6":1,"7":1},"b":{}}
,"/var/app/backend/src/controller/dayAvailability.controller.ts": {"path":"/var/app/backend/src/controller/dayAvailability.controller.ts","statementMap":{"0":{"start":{"line":2,"column":0},"end":{"line":2,"column":40}},"1":{"start":{"line":3,"column":0},"end":{"line":3,"column":60}},"2":{"start":{"line":4,"column":0},"end":{"line":4,"column":38}},"3":{"start":{"line":5,"column":0},"end":{"line":5,"column":58}},"4":{"start":{"line":7,"column":13},"end":{"line":14,"column":2}},"5":{"start":{"line":7,"column":70},"end":{"line":14,"column":2}},"6":{"start":{"line":8,"column":36},"end":{"line":8,"column":66}},"7":{"start":{"line":9,"column":25},"end":{"line":9,"column":61}},"8":{"start":{"line":10,"column":4},"end":{"line":10,"column":52}},"9":{"start":{"line":11,"column":4},"end":{"line":13,"column":7}},"10":{"start":{"line":16,"column":13},"end":{"line":32,"column":null}},"11":{"start":{"line":16,"column":75},"end":{"line":32,"column":null}},"12":{"start":{"line":17,"column":19},"end":{"line":17,"column":36}},"13":{"start":{"line":18,"column":27},"end":{"line":18,"column":46}},"14":{"start":{"line":20,"column":4},"end":{"line":30,"column":null}},"15":{"start":{"line":21,"column":21},"end":{"line":21,"column":112}},"16":{"start":{"line":22,"column":8},"end":{"line":24,"column":11}},"17":{"start":{"line":26,"column":8},"end":{"line":26,"column":74}},"18":{"start":{"line":27,"column":8},"end":{"line":29,"column":11}},"19":{"start":{"line":34,"column":13},"end":{"line":50,"column":null}},"20":{"start":{"line":35,"column":36},"end":{"line":35,"column":38}},"21":{"start":{"line":36,"column":4},"end":{"line":47,"column":null}},"22":{"start":{"line":38,"column":24},"end":{"line":38,"column":45}},"23":{"start":{"line":39,"column":8},"end":{"line":39,"column":53}},"24":{"start":{"line":40,"column":8},"end":{"line":40,"column":34}},"25":{"start":{"line":41,"column":8},"end":{"line":41,"column":33}},"26":{"start":{"line":42,"column":8},"end":{"line":42,"column":35}},"27":{"start":{"line":43,"column":8},"end":{"line":43,"column":34}},"28":{"start":{"line":44,"column":8},"end":{"line":44,"column":30}},"29":{"start":{"line":45,"column":8},"end":{"line":45,"column":27}},"30":{"start":{"line":48,"column":4},"end":{"line":48,"column":49}},"31":{"start":{"line":49,"column":4},"end":{"line":49,"column":16}},"32":{"start":{"line":52,"column":13},"end":{"line":72,"column":null}},"33":{"start":{"line":52,"column":75},"end":{"line":72,"column":null}},"34":{"start":{"line":53,"column":78},"end":{"line":53,"column":86}},"35":{"start":{"line":54,"column":36},"end":{"line":54,"column":66}},"36":{"start":{"line":55,"column":28},"end":{"line":55,"column":49}},"37":{"start":{"line":57,"column":4},"end":{"line":57,"column":30}},"38":{"start":{"line":58,"column":4},"end":{"line":58,"column":48}},"39":{"start":{"line":59,"column":4},"end":{"line":59,"column":46}},"40":{"start":{"line":60,"column":4},"end":{"line":60,"column":52}},"41":{"start":{"line":61,"column":4},"end":{"line":61,"column":50}},"42":{"start":{"line":62,"column":4},"end":{"line":70,"column":null}},"43":{"start":{"line":63,"column":35},"end":{"line":63,"column":86}},"44":{"start":{"line":64,"column":8},"end":{"line":66,"column":null}},"45":{"start":{"line":68,"column":8},"end":{"line":68,"column":null}},"46":{"start":{"line":69,"column":8},"end":{"line":69,"column":31}},"47":{"start":{"line":74,"column":13},"end":{"line":90,"column":null}},"48":{"start":{"line":74,"column":75},"end":{"line":90,"column":null}},"49":{"start":{"line":75,"column":28},"end":{"line":75,"column":54}},"50":{"start":{"line":76,"column":36},"end":{"line":76,"column":66}},"51":{"start":{"line":78,"column":4},"end":{"line":89,"column":null}},"52":{"start":{"line":79,"column":32},"end":{"line":79,"column":92}},"53":{"start":{"line":80,"column":8},"end":{"line":80,"column":62}},"54":{"start":{"line":81,"column":8},"end":{"line":83,"column":null}},"55":{"start":{"line":85,"column":8},"end":{"line":85,"column":63}},"56":{"start":{"line":86,"column":8},"end":{"line":88,"column":11}},"57":{"start":{"line":92,"column":13},"end":{"line":118,"column":null}},"58":{"start":{"line":92,"column":74},"end":{"line":118,"column":null}},"59":{"start":{"line":93,"column":19},"end":{"line":93,"column":36}},"60":{"start":{"line":94,"column":45},"end":{"line":94,"column":53}},"61":{"start":{"line":95,"column":27},"end":{"line":95,"column":46}},"62":{"start":{"line":97,"column":4},"end":{"line":117,"column":null}},"63":{"start":{"line":98,"column":21},"end":{"line":98,"column":112}},"64":{"start":{"line":99,"column":8},"end":{"line":99,"column":75}},"65":{"start":{"line":100,"column":8},"end":{"line":105,"column":null}},"66":{"start":{"line":100,"column":21},"end":{"line":100,"column":22}},"67":{"start":{"line":101,"column":12},"end":{"line":104,"column":null}},"68":{"start":{"line":102,"column":16},"end":{"line":102,"column":70}},"69":{"start":{"line":103,"column":16},"end":{"line":103,"column":22}},"70":{"start":{"line":106,"column":28},"end":{"line":106,"column":59}},"71":{"start":{"line":107,"column":8},"end":{"line":107,"column":83}},"72":{"start":{"line":109,"column":8},"end":{"line":111,"column":11}},"73":{"start":{"line":113,"column":8},"end":{"line":113,"column":50}},"74":{"start":{"line":114,"column":8},"end":{"line":116,"column":null}}},"fnMap":{"0":{"name":"(anonymous_7)","decl":{"start":{"line":7,"column":34},"end":{"line":7,"column":41}},"loc":{"start":{"line":7,"column":70},"end":{"line":14,"column":2}}},"1":{"name":"(anonymous_8)","decl":{"start":{"line":7,"column":70},"end":{"line":7,"column":null}},"loc":{"start":{"line":7,"column":70},"end":{"line":14,"column":1}}},"2":{"name":"(anonymous_9)","decl":{"start":{"line":16,"column":37},"end":{"line":16,"column":44}},"loc":{"start":{"line":16,"column":75},"end":{"line":32,"column":null}}},"3":{"name":"(anonymous_10)","decl":{"start":{"line":16,"column":75},"end":{"line":16,"column":null}},"loc":{"start":{"line":16,"column":75},"end":{"line":32,"column":1}}},"4":{"name":"(anonymous_11)","decl":{"start":{"line":34,"column":30},"end":{"line":34,"column":52}},"loc":{"start":{"line":34,"column":54},"end":{"line":50,"column":1}}},"5":{"name":"(anonymous_12)","decl":{"start":{"line":52,"column":37},"end":{"line":52,"column":44}},"loc":{"start":{"line":52,"column":75},"end":{"line":72,"column":null}}},"6":{"name":"(anonymous_13)","decl":{"start":{"line":52,"column":75},"end":{"line":52,"column":null}},"loc":{"start":{"line":52,"column":75},"end":{"line":72,"column":1}}},"7":{"name":"(anonymous_14)","decl":{"start":{"line":74,"column":37},"end":{"line":74,"column":44}},"loc":{"start":{"line":74,"column":75},"end":{"line":90,"column":null}}},"8":{"name":"(anonymous_15)","decl":{"start":{"line":74,"column":75},"end":{"line":74,"column":null}},"loc":{"start":{"line":74,"column":75},"end":{"line":90,"column":1}}},"9":{"name":"(anonymous_16)","decl":{"start":{"line":92,"column":36},"end":{"line":92,"column":43}},"loc":{"start":{"line":92,"column":74},"end":{"line":118,"column":null}}},"10":{"name":"(anonymous_17)","decl":{"start":{"line":92,"column":74},"end":{"line":92,"column":null}},"loc":{"start":{"line":92,"column":74},"end":{"line":118,"column":1}}}},"branchMap":{"0":{"loc":{"start":{"line":101,"column":12},"end":{"line":104,"column":null}},"type":"if","locations":[{"start":{"line":101,"column":12},"end":{"line":104,"column":null}},{"start":{"line":101,"column":12},"end":{"line":104,"column":null}}]}},"s":{"0":6,"1":6,"2":6,"3":6,"4":6,"5":1,"6":1,"7":1,"8":1,"9":1,"10":6,"11":1,"12":1,"13":1,"14":1,"15":1,"16":1,"17":0,"18":0,"19":6,"20":1,"21":1,"22":7,"23":7,"24":7,"25":7,"26":7,"27":7,"28":7,"29":7,"30":1,"31":1,"32":6,"33":0,"34":0,"35":0,"36":0,"37":0,"38":0,"39":0,"40":0,"41":0,"42":0,"43":0,"44":0,"45":0,"46":0,"47":6,"48":0,"49":0,"50":0,"51":0,"52":0,"53":0,"54":0,"55":0,"56":0,"57":6,"58":1,"59":1,"60":1,"61":1,"62":1,"63":1,"64":1,"65":1,"66":1,"67":1,"68":1,"69":1,"70":1,"71":1,"72":1,"73":0,"74":0},"f":{"0":1,"1":1,"2":1,"3":1,"4":1,"5":0,"6":0,"7":0,"8":0,"9":1,"10":1},"b":{"0":[1,0]}}
,"/var/app/backend/src/controller/invitee.controller.ts": {"path":"/var/app/backend/src/controller/invitee.controller.ts","statementMap":{"0":{"start":{"line":2,"column":0},"end":{"line":2,"column":40}},"1":{"start":{"line":3,"column":0},"end":{"line":3,"column":44}},"2":{"start":{"line":5,"column":13},"end":{"line":21,"column":2}},"3":{"start":{"line":5,"column":65},"end":{"line":21,"column":2}},"4":{"start":{"line":6,"column":30},"end":{"line":6,"column":58}},"5":{"start":{"line":7,"column":4},"end":{"line":18,"column":null}},"6":{"start":{"line":8,"column":25},"end":{"line":8,"column":55}},"7":{"start":{"line":10,"column":8},"end":{"line":12,"column":11}},"8":{"start":{"line":14,"column":8},"end":{"line":14,"column":25}},"9":{"start":{"line":15,"column":8},"end":{"line":17,"column":11}},"10":{"start":{"line":23,"column":13},"end":{"line":45,"column":null}},"11":{"start":{"line":23,"column":66},"end":{"line":45,"column":null}},"12":{"start":{"line":24,"column":42},"end":{"line":24,"column":50}},"13":{"start":{"line":25,"column":30},"end":{"line":25,"column":58}},"14":{"start":{"line":26,"column":20},"end":{"line":26,"column":33}},"15":{"start":{"line":27,"column":4},"end":{"line":43,"column":6}},"16":{"start":{"line":28,"column":8},"end":{"line":28,"column":38}},"17":{"start":{"line":29,"column":8},"end":{"line":29,"column":36}},"18":{"start":{"line":30,"column":8},"end":{"line":30,"column":30}},"19":{"start":{"line":32,"column":31},"end":{"line":32,"column":68}},"20":{"start":{"line":33,"column":8},"end":{"line":35,"column":11}},"21":{"start":{"line":38,"column":8},"end":{"line":38,"column":25}},"22":{"start":{"line":39,"column":8},"end":{"line":41,"column":11}},"23":{"start":{"line":47,"column":13},"end":{"line":65,"column":null}},"24":{"start":{"line":47,"column":70},"end":{"line":65,"column":null}},"25":{"start":{"line":48,"column":30},"end":{"line":48,"column":58}},"26":{"start":{"line":49,"column":22},"end":{"line":49,"column":42}},"27":{"start":{"line":51,"column":4},"end":{"line":64,"column":6}},"28":{"start":{"line":52,"column":24},"end":{"line":52,"column":72}},"29":{"start":{"line":53,"column":8},"end":{"line":53,"column":48}},"30":{"start":{"line":54,"column":8},"end":{"line":56,"column":11}},"31":{"start":{"line":60,"column":8},"end":{"line":60,"column":25}},"32":{"start":{"line":61,"column":8},"end":{"line":63,"column":11}},"33":{"start":{"line":67,"column":13},"end":{"line":97,"column":null}},"34":{"start":{"line":67,"column":69},"end":{"line":97,"column":null}},"35":{"start":{"line":68,"column":30},"end":{"line":68,"column":58}},"36":{"start":{"line":69,"column":22},"end":{"line":69,"column":42}},"37":{"start":{"line":70,"column":42},"end":{"line":70,"column":50}},"38":{"start":{"line":73,"column":4},"end":{"line":96,"column":null}},"39":{"start":{"line":74,"column":24},"end":{"line":74,"column":72}},"40":{"start":{"line":75,"column":8},"end":{"line":75,"column":38}},"41":{"start":{"line":76,"column":8},"end":{"line":76,"column":36}},"42":{"start":{"line":77,"column":8},"end":{"line":77,"column":30}},"43":{"start":{"line":80,"column":31},"end":{"line":80,"column":68}},"44":{"start":{"line":84,"column":8},"end":{"line":84,"column":null}},"45":{"start":{"line":86,"column":8},"end":{"line":88,"column":11}},"46":{"start":{"line":92,"column":8},"end":{"line":92,"column":25}},"47":{"start":{"line":93,"column":8},"end":{"line":95,"column":11}}},"fnMap":{"0":{"name":"(anonymous_7)","decl":{"start":{"line":5,"column":30},"end":{"line":5,"column":36}},"loc":{"start":{"line":5,"column":65},"end":{"line":21,"column":2}}},"1":{"name":"(anonymous_8)","decl":{"start":{"line":5,"column":65},"end":{"line":5,"column":null}},"loc":{"start":{"line":5,"column":65},"end":{"line":21,"column":1}}},"2":{"name":"(anonymous_9)","decl":{"start":{"line":23,"column":29},"end":{"line":23,"column":35}},"loc":{"start":{"line":23,"column":66},"end":{"line":45,"column":null}}},"3":{"name":"(anonymous_10)","decl":{"start":{"line":23,"column":66},"end":{"line":23,"column":null}},"loc":{"start":{"line":23,"column":66},"end":{"line":45,"column":1}}},"4":{"name":"(anonymous_11)","decl":{"start":{"line":47,"column":33},"end":{"line":47,"column":39}},"loc":{"start":{"line":47,"column":70},"end":{"line":65,"column":null}}},"5":{"name":"(anonymous_12)","decl":{"start":{"line":47,"column":70},"end":{"line":47,"column":null}},"loc":{"start":{"line":47,"column":70},"end":{"line":65,"column":1}}},"6":{"name":"(anonymous_13)","decl":{"start":{"line":67,"column":32},"end":{"line":67,"column":38}},"loc":{"start":{"line":67,"column":69},"end":{"line":97,"column":null}}},"7":{"name":"(anonymous_14)","decl":{"start":{"line":67,"column":69},"end":{"line":67,"column":null}},"loc":{"start":{"line":67,"column":69},"end":{"line":97,"column":1}}}},"branchMap":{},"s":{"0":6,"1":6,"2":6,"3":1,"4":1,"5":1,"6":1,"7":1,"8":0,"9":0,"10":6,"11":1,"12":1,"13":1,"14":1,"15":1,"16":1,"17":1,"18":1,"19":1,"20":1,"21":0,"22":0,"23":6,"24":1,"25":1,"26":1,"27":1,"28":1,"29":1,"30":1,"31":0,"32":0,"33":6,"34":1,"35":1,"36":1,"37":1,"38":1,"39":1,"40":1,"41":1,"42":1,"43":1,"44":1,"45":1,"46":0,"47":0},"f":{"0":1,"1":1,"2":1,"3":1,"4":1,"5":1,"6":1,"7":1},"b":{}}
,"/var/app/backend/src/controller/user.controller.ts": {"path":"/var/app/backend/src/controller/user.controller.ts","statementMap":{"0":{"start":{"line":2,"column":0},"end":{"line":2,"column":40}},"1":{"start":{"line":3,"column":0},"end":{"line":3,"column":48}},"2":{"start":{"line":4,"column":0},"end":{"line":4,"column":38}},"3":{"start":{"line":5,"column":0},"end":{"line":5,"column":62}},"4":{"start":{"line":6,"column":0},"end":{"line":6,"column":62}},"5":{"start":{"line":10,"column":13},"end":{"line":29,"column":null}},"6":{"start":{"line":10,"column":65},"end":{"line":29,"column":null}},"7":{"start":{"line":11,"column":17},"end":{"line":11,"column":34}},"8":{"start":{"line":12,"column":49},"end":{"line":12,"column":57}},"9":{"start":{"line":13,"column":27},"end":{"line":13,"column":46}},"10":{"start":{"line":14,"column":4},"end":{"line":28,"column":null}},"11":{"start":{"line":15,"column":24},"end":{"line":15,"column":66}},"12":{"start":{"line":16,"column":23},"end":{"line":16,"column":38}},"13":{"start":{"line":17,"column":8},"end":{"line":17,"column":null}},"14":{"start":{"line":18,"column":8},"end":{"line":18,"column":null}},"15":{"start":{"line":19,"column":8},"end":{"line":19,"column":null}},"16":{"start":{"line":20,"column":8},"end":{"line":20,"column":null}},"17":{"start":{"line":21,"column":8},"end":{"line":21,"column":null}},"18":{"start":{"line":22,"column":8},"end":{"line":22,"column":null}},"19":{"start":{"line":23,"column":8},"end":{"line":23,"column":null}},"20":{"start":{"line":24,"column":8},"end":{"line":24,"column":null}},"21":{"start":{"line":27,"column":8},"end":{"line":27,"column":null}},"22":{"start":{"line":32,"column":13},"end":{"line":44,"column":null}},"23":{"start":{"line":32,"column":72},"end":{"line":44,"column":null}},"24":{"start":{"line":33,"column":27},"end":{"line":33,"column":46}},"25":{"start":{"line":34,"column":17},"end":{"line":34,"column":34}},"26":{"start":{"line":35,"column":4},"end":{"line":43,"column":null}},"27":{"start":{"line":36,"column":19},"end":{"line":36,"column":107}},"28":{"start":{"line":37,"column":8},"end":{"line":39,"column":null}},"29":{"start":{"line":42,"column":8},"end":{"line":42,"column":54}},"30":{"start":{"line":47,"column":13},"end":{"line":66,"column":null}},"31":{"start":{"line":47,"column":65},"end":{"line":66,"column":null}},"32":{"start":{"line":48,"column":18},"end":{"line":48,"column":36}},"33":{"start":{"line":49,"column":49},"end":{"line":49,"column":57}},"34":{"start":{"line":50,"column":28},"end":{"line":50,"column":52}},"35":{"start":{"line":51,"column":4},"end":{"line":64,"column":null}},"36":{"start":{"line":52,"column":25},"end":{"line":52,"column":69}},"37":{"start":{"line":53,"column":8},"end":{"line":53,"column":null}},"38":{"start":{"line":54,"column":8},"end":{"line":54,"column":null}},"39":{"start":{"line":55,"column":8},"end":{"line":55,"column":null}},"40":{"start":{"line":56,"column":8},"end":{"line":56,"column":null}},"41":{"start":{"line":57,"column":29},"end":{"line":57,"column":67}},"42":{"start":{"line":58,"column":8},"end":{"line":60,"column":null}},"43":{"start":{"line":63,"column":8},"end":{"line":63,"column":54}},"44":{"start":{"line":69,"column":13},"end":{"line":80,"column":null}},"45":{"start":{"line":69,"column":65},"end":{"line":80,"column":null}},"46":{"start":{"line":70,"column":18},"end":{"line":70,"column":36}},"47":{"start":{"line":71,"column":28},"end":{"line":71,"column":52}},"48":{"start":{"line":72,"column":4},"end":{"line":79,"column":null}},"49":{"start":{"line":73,"column":25},"end":{"line":73,"column":69}},"50":{"start":{"line":74,"column":8},"end":{"line":74,"column":null}},"51":{"start":{"line":75,"column":8},"end":{"line":75,"column":null}},"52":{"start":{"line":78,"column":8},"end":{"line":78,"column":54}},"53":{"start":{"line":83,"column":13},"end":{"line":95,"column":null}},"54":{"start":{"line":83,"column":65},"end":{"line":95,"column":null}},"55":{"start":{"line":84,"column":27},"end":{"line":84,"column":46}},"56":{"start":{"line":85,"column":17},"end":{"line":85,"column":34}},"57":{"start":{"line":86,"column":4},"end":{"line":94,"column":null}},"58":{"start":{"line":87,"column":19},"end":{"line":87,"column":107}},"59":{"start":{"line":88,"column":8},"end":{"line":90,"column":null}},"60":{"start":{"line":93,"column":8},"end":{"line":93,"column":54}},"61":{"start":{"line":98,"column":13},"end":{"line":112,"column":null}},"62":{"start":{"line":98,"column":63},"end":{"line":112,"column":null}},"63":{"start":{"line":99,"column":27},"end":{"line":99,"column":46}},"64":{"start":{"line":100,"column":4},"end":{"line":111,"column":null}},"65":{"start":{"line":101,"column":22},"end":{"line":101,"column":81}},"66":{"start":{"line":102,"column":8},"end":{"line":104,"column":11}},"67":{"start":{"line":108,"column":8},"end":{"line":110,"column":11}},"68":{"start":{"line":114,"column":13},"end":{"line":144,"column":null}},"69":{"start":{"line":114,"column":67},"end":{"line":144,"column":null}},"70":{"start":{"line":115,"column":27},"end":{"line":115,"column":52}},"71":{"start":{"line":116,"column":19},"end":{"line":116,"column":36}},"72":{"start":{"line":117,"column":42},"end":{"line":117,"column":50}},"73":{"start":{"line":119,"column":4},"end":{"line":142,"column":null}},"74":{"start":{"line":120,"column":19},"end":{"line":120,"column":61}},"75":{"start":{"line":121,"column":8},"end":{"line":123,"column":null}},"76":{"start":{"line":122,"column":12},"end":{"line":122,"column":37}},"77":{"start":{"line":124,"column":8},"end":{"line":129,"column":null}},"78":{"start":{"line":125,"column":12},"end":{"line":125,"column":37}},"79":{"start":{"line":127,"column":13},"end":{"line":129,"column":null}},"80":{"start":{"line":128,"column":12},"end":{"line":128,"column":null}},"81":{"start":{"line":131,"column":28},"end":{"line":131,"column":59}},"82":{"start":{"line":133,"column":8},"end":{"line":133,"column":52}},"83":{"start":{"line":134,"column":8},"end":{"line":136,"column":11}},"84":{"start":{"line":139,"column":8},"end":{"line":141,"column":11}},"85":{"start":{"line":146,"column":13},"end":{"line":164,"column":null}},"86":{"start":{"line":146,"column":68},"end":{"line":164,"column":null}},"87":{"start":{"line":147,"column":27},"end":{"line":147,"column":46}},"88":{"start":{"line":148,"column":19},"end":{"line":148,"column":36}},"89":{"start":{"line":150,"column":4},"end":{"line":161,"column":null}},"90":{"start":{"line":151,"column":21},"end":{"line":151,"column":63}},"91":{"start":{"line":152,"column":8},"end":{"line":152,"column":42}},"92":{"start":{"line":153,"column":8},"end":{"line":155,"column":11}},"93":{"start":{"line":158,"column":8},"end":{"line":160,"column":null}},"94":{"start":{"line":166,"column":13},"end":{"line":198,"column":null}},"95":{"start":{"line":166,"column":61},"end":{"line":198,"column":null}},"96":{"start":{"line":167,"column":40},"end":{"line":167,"column":48}},"97":{"start":{"line":169,"column":27},"end":{"line":169,"column":52}},"98":{"start":{"line":172,"column":17},"end":{"line":176,"column":6}},"99":{"start":{"line":177,"column":4},"end":{"line":181,"column":null}},"100":{"start":{"line":178,"column":8},"end":{"line":180,"column":null}},"101":{"start":{"line":184,"column":35},"end":{"line":184,"column":78}},"102":{"start":{"line":186,"column":18},"end":{"line":186,"column":28}},"103":{"start":{"line":187,"column":4},"end":{"line":187,"column":26}},"104":{"start":{"line":188,"column":4},"end":{"line":188,"column":32}},"105":{"start":{"line":189,"column":4},"end":{"line":189,"column":38}},"106":{"start":{"line":190,"column":4},"end":{"line":190,"column":45}},"107":{"start":{"line":192,"column":24},"end":{"line":192,"column":58}},"108":{"start":{"line":194,"column":4},"end":{"line":196,"column":null}},"109":{"start":{"line":200,"column":13},"end":{"line":229,"column":2}},"110":{"start":{"line":200,"column":63},"end":{"line":229,"column":2}},"111":{"start":{"line":201,"column":32},"end":{"line":201,"column":40}},"112":{"start":{"line":202,"column":27},"end":{"line":202,"column":52}},"113":{"start":{"line":205,"column":17},"end":{"line":209,"column":6}},"114":{"start":{"line":211,"column":4},"end":{"line":213,"column":null}},"115":{"start":{"line":212,"column":8},"end":{"line":212,"column":64}},"116":{"start":{"line":215,"column":39},"end":{"line":215,"column":108}},"117":{"start":{"line":216,"column":4},"end":{"line":218,"column":null}},"118":{"start":{"line":217,"column":8},"end":{"line":217,"column":64}},"119":{"start":{"line":220,"column":26},"end":{"line":224,"column":6}},"120":{"start":{"line":226,"column":4},"end":{"line":228,"column":7}}},"fnMap":{"0":{"name":"(anonymous_7)","decl":{"start":{"line":10,"column":27},"end":{"line":10,"column":34}},"loc":{"start":{"line":10,"column":65},"end":{"line":29,"column":null}}},"1":{"name":"(anonymous_8)","decl":{"start":{"line":10,"column":65},"end":{"line":10,"column":null}},"loc":{"start":{"line":10,"column":65},"end":{"line":29,"column":1}}},"2":{"name":"(anonymous_9)","decl":{"start":{"line":32,"column":34},"end":{"line":32,"column":41}},"loc":{"start":{"line":32,"column":72},"end":{"line":44,"column":null}}},"3":{"name":"(anonymous_10)","decl":{"start":{"line":32,"column":72},"end":{"line":32,"column":null}},"loc":{"start":{"line":32,"column":72},"end":{"line":44,"column":1}}},"4":{"name":"(anonymous_11)","decl":{"start":{"line":47,"column":27},"end":{"line":47,"column":34}},"loc":{"start":{"line":47,"column":65},"end":{"line":66,"column":null}}},"5":{"name":"(anonymous_12)","decl":{"start":{"line":47,"column":65},"end":{"line":47,"column":null}},"loc":{"start":{"line":47,"column":65},"end":{"line":66,"column":1}}},"6":{"name":"(anonymous_13)","decl":{"start":{"line":69,"column":27},"end":{"line":69,"column":34}},"loc":{"start":{"line":69,"column":65},"end":{"line":80,"column":null}}},"7":{"name":"(anonymous_14)","decl":{"start":{"line":69,"column":65},"end":{"line":69,"column":null}},"loc":{"start":{"line":69,"column":65},"end":{"line":80,"column":1}}},"8":{"name":"(anonymous_15)","decl":{"start":{"line":83,"column":27},"end":{"line":83,"column":34}},"loc":{"start":{"line":83,"column":65},"end":{"line":95,"column":null}}},"9":{"name":"(anonymous_16)","decl":{"start":{"line":83,"column":65},"end":{"line":83,"column":null}},"loc":{"start":{"line":83,"column":65},"end":{"line":95,"column":1}}},"10":{"name":"(anonymous_17)","decl":{"start":{"line":98,"column":27},"end":{"line":98,"column":34}},"loc":{"start":{"line":98,"column":63},"end":{"line":112,"column":null}}},"11":{"name":"(anonymous_18)","decl":{"start":{"line":98,"column":63},"end":{"line":98,"column":null}},"loc":{"start":{"line":98,"column":63},"end":{"line":112,"column":1}}},"12":{"name":"(anonymous_19)","decl":{"start":{"line":114,"column":29},"end":{"line":114,"column":36}},"loc":{"start":{"line":114,"column":67},"end":{"line":144,"column":null}}},"13":{"name":"(anonymous_20)","decl":{"start":{"line":114,"column":67},"end":{"line":114,"column":null}},"loc":{"start":{"line":114,"column":67},"end":{"line":144,"column":1}}},"14":{"name":"(anonymous_21)","decl":{"start":{"line":146,"column":30},"end":{"line":146,"column":37}},"loc":{"start":{"line":146,"column":68},"end":{"line":164,"column":null}}},"15":{"name":"(anonymous_22)","decl":{"start":{"line":146,"column":68},"end":{"line":146,"column":null}},"loc":{"start":{"line":146,"column":68},"end":{"line":164,"column":1}}},"16":{"name":"(anonymous_23)","decl":{"start":{"line":166,"column":28},"end":{"line":166,"column":35}},"loc":{"start":{"line":166,"column":61},"end":{"line":198,"column":null}}},"17":{"name":"(anonymous_24)","decl":{"start":{"line":166,"column":61},"end":{"line":166,"column":null}},"loc":{"start":{"line":166,"column":61},"end":{"line":198,"column":1}}},"18":{"name":"(anonymous_25)","decl":{"start":{"line":200,"column":25},"end":{"line":200,"column":32}},"loc":{"start":{"line":200,"column":63},"end":{"line":229,"column":2}}},"19":{"name":"(anonymous_26)","decl":{"start":{"line":200,"column":63},"end":{"line":200,"column":null}},"loc":{"start":{"line":200,"column":63},"end":{"line":229,"column":1}}}},"branchMap":{"0":{"loc":{"start":{"line":121,"column":8},"end":{"line":123,"column":null}},"type":"if","locations":[{"start":{"line":121,"column":8},"end":{"line":123,"column":null}},{"start":{"line":121,"column":8},"end":{"line":123,"column":null}}]},"1":{"loc":{"start":{"line":124,"column":8},"end":{"line":129,"column":null}},"type":"if","locations":[{"start":{"line":124,"column":8},"end":{"line":129,"column":null}},{"start":{"line":124,"column":8},"end":{"line":129,"column":null}}]},"2":{"loc":{"start":{"line":127,"column":13},"end":{"line":129,"column":null}},"type":"if","locations":[{"start":{"line":127,"column":13},"end":{"line":129,"column":null}},{"start":{"line":127,"column":13},"end":{"line":129,"column":null}}]},"3":{"loc":{"start":{"line":177,"column":4},"end":{"line":181,"column":null}},"type":"if","locations":[{"start":{"line":177,"column":4},"end":{"line":181,"column":null}},{"start":{"line":177,"column":4},"end":{"line":181,"column":null}}]},"4":{"loc":{"start":{"line":211,"column":4},"end":{"line":213,"column":null}},"type":"if","locations":[{"start":{"line":211,"column":4},"end":{"line":213,"column":null}},{"start":{"line":211,"column":4},"end":{"line":213,"column":null}}]},"5":{"loc":{"start":{"line":216,"column":4},"end":{"line":218,"column":null}},"type":"if","locations":[{"start":{"line":216,"column":4},"end":{"line":218,"column":null}},{"start":{"line":216,"column":4},"end":{"line":218,"column":null}}]}},"s":{"0":6,"1":6,"2":6,"3":6,"4":6,"5":6,"6":1,"7":1,"8":1,"9":1,"10":1,"11":1,"12":1,"13":1,"14":1,"15":1,"16":1,"17":1,"18":1,"19":1,"20":1,"21":0,"22":6,"23":1,"24":1,"25":1,"26":1,"27":1,"28":1,"29":0,"30":6,"31":1,"32":1,"33":1,"34":1,"35":1,"36":1,"37":1,"38":1,"39":1,"40":1,"41":1,"42":1,"43":0,"44":6,"45":1,"46":1,"47":1,"48":1,"49":1,"50":1,"51":1,"52":0,"53":6,"54":1,"55":1,"56":1,"57":1,"58":1,"59":1,"60":0,"61":6,"62":1,"63":1,"64":1,"65":1,"66":1,"67":0,"68":6,"69":1,"70":1,"71":1,"72":1,"73":1,"74":1,"75":1,"76":1,"77":1,"78":0,"79":1,"80":1,"81":1,"82":1,"83":1,"84":0,"85":6,"86":1,"87":1,"88":1,"89":1,"90":1,"91":1,"92":1,"93":0,"94":6,"95":1,"96":1,"97":1,"98":1,"99":1,"100":0,"101":1,"102":1,"103":1,"104":1,"105":1,"106":1,"107":1,"108":1,"109":6,"110":1,"111":1,"112":1,"113":1,"114":1,"115":0,"116":1,"117":1,"118":0,"119":1,"120":1},"f":{"0":1,"1":1,"2":1,"3":1,"4":1,"5":1,"6":1,"7":1,"8":1,"9":1,"10":1,"11":1,"12":1,"13":1,"14":1,"15":1,"16":1,"17":1,"18":1,"19":1},"b":{"0":[1,0],"1":[0,1],"2":[1,0],"3":[0,1],"4":[0,1],"5":[0,1]}}
,"/var/app/backend/src/entity/Booking.ts": {"path":"/var/app/backend/src/entity/Booking.ts","statementMap":{"0":{"start":{"line":1,"column":0},"end":{"line":1,"column":133}},"1":{"start":{"line":2,"column":0},"end":{"line":2,"column":41}},"2":{"start":{"line":3,"column":0},"end":{"line":3,"column":40}},"3":{"start":{"line":4,"column":0},"end":{"line":4,"column":33}},"4":{"start":{"line":6,"column":0},"end":{"line":32,"column":null}},"5":{"start":{"line":9,"column":4},"end":{"line":9,"column":null}},"6":{"start":{"line":12,"column":4},"end":{"line":12,"column":null}},"7":{"start":{"line":15,"column":4},"end":{"line":15,"column":null}},"8":{"start":{"line":18,"column":4},"end":{"line":18,"column":null}},"9":{"start":{"line":21,"column":4},"end":{"line":21,"column":null}},"10":{"start":{"line":24,"column":4},"end":{"line":24,"column":null}},"11":{"start":{"line":28,"column":4},"end":{"line":28,"column":null}},"12":{"start":{"line":26,"column":20},"end":{"line":26,"column":27}},"13":{"start":{"line":31,"column":4},"end":{"line":31,"column":null}},"14":{"start":{"line":30,"column":21},"end":{"line":30,"column":30}},"15":{"start":{"line":30,"column":45},"end":{"line":30,"column":63}},"16":{"start":{"line":6,"column":13},"end":{"line":32,"column":null}},"17":{"start":{"line":6,"column":13},"end":{"line":6,"column":20}}},"fnMap":{"0":{"name":"(anonymous_2)","decl":{"start":{"line":26,"column":14},"end":{"line":26,"column":17}},"loc":{"start":{"line":26,"column":20},"end":{"line":26,"column":27}}},"1":{"name":"(anonymous_3)","decl":{"start":{"line":30,"column":15},"end":{"line":30,"column":18}},"loc":{"start":{"line":30,"column":21},"end":{"line":30,"column":30}}},"2":{"name":"(anonymous_4)","decl":{"start":{"line":30,"column":32},"end":{"line":30,"column":41}},"loc":{"start":{"line":30,"column":45},"end":{"line":30,"column":63}}}},"branchMap":{},"s":{"0":6,"1":6,"2":6,"3":6,"4":6,"5":6,"6":6,"7":6,"8":6,"9":6,"10":6,"11":6,"12":6,"13":6,"14":6,"15":6,"16":6,"17":6},"f":{"0":6,"1":6,"2":6},"b":{}}
,"/var/app/backend/src/entity/DayAvailability.ts": {"path":"/var/app/backend/src/entity/DayAvailability.ts","statementMap":{"0":{"start":{"line":1,"column":0},"end":{"line":1,"column":130}},"1":{"start":{"line":2,"column":0},"end":{"line":2,"column":35}},"2":{"start":{"line":3,"column":0},"end":{"line":3,"column":30}},"3":{"start":{"line":6,"column":0},"end":{"line":43,"column":null}},"4":{"start":{"line":8,"column":4},"end":{"line":8,"column":null}},"5":{"start":{"line":11,"column":4},"end":{"line":11,"column":null}},"6":{"start":{"line":10,"column":22},"end":{"line":10,"column":26}},"7":{"start":{"line":10,"column":36},"end":{"line":10,"column":54}},"8":{"start":{"line":18,"column":4},"end":{"line":18,"column":null}},"9":{"start":{"line":21,"column":4},"end":{"line":21,"column":null}},"10":{"start":{"line":24,"column":4},"end":{"line":24,"column":null}},"11":{"start":{"line":27,"column":4},"end":{"line":27,"column":null}},"12":{"start":{"line":30,"column":4},"end":{"line":30,"column":null}},"13":{"start":{"line":33,"column":4},"end":{"line":33,"column":null}},"14":{"start":{"line":36,"column":4},"end":{"line":36,"column":null}},"15":{"start":{"line":39,"column":4},"end":{"line":39,"column":null}},"16":{"start":{"line":42,"column":4},"end":{"line":42,"column":null}},"17":{"start":{"line":6,"column":13},"end":{"line":43,"column":null}},"18":{"start":{"line":6,"column":13},"end":{"line":6,"column":28}}},"fnMap":{"0":{"name":"(anonymous_2)","decl":{"start":{"line":10,"column":16},"end":{"line":10,"column":19}},"loc":{"start":{"line":10,"column":22},"end":{"line":10,"column":26}}},"1":{"name":"(anonymous_3)","decl":{"start":{"line":10,"column":28},"end":{"line":10,"column":32}},"loc":{"start":{"line":10,"column":36},"end":{"line":10,"column":54}}}},"branchMap":{},"s":{"0":6,"1":6,"2":6,"3":6,"4":6,"5":6,"6":6,"7":6,"8":6,"9":6,"10":6,"11":6,"12":6,"13":6,"14":6,"15":6,"16":6,"17":6,"18":6},"f":{"0":6,"1":6},"b":{}}
,"/var/app/backend/src/entity/EventType.ts": {"path":"/var/app/backend/src/entity/EventType.ts","statementMap":{"0":{"start":{"line":1,"column":0},"end":{"line":1,"column":141}},"1":{"start":{"line":2,"column":0},"end":{"line":2,"column":36}},"2":{"start":{"line":3,"column":0},"end":{"line":3,"column":30}},"3":{"start":{"line":6,"column":0},"end":{"line":37,"column":null}},"4":{"start":{"line":8,"column":4},"end":{"line":8,"column":null}},"5":{"start":{"line":11,"column":4},"end":{"line":11,"column":null}},"6":{"start":{"line":14,"column":4},"end":{"line":14,"column":null}},"7":{"start":{"line":17,"column":4},"end":{"line":17,"column":null}},"8":{"start":{"line":20,"column":4},"end":{"line":20,"column":null}},"9":{"start":{"line":23,"column":4},"end":{"line":23,"column":null}},"10":{"start":{"line":22,"column":21},"end":{"line":22,"column":25}},"11":{"start":{"line":22,"column":35},"end":{"line":22,"column":50}},"12":{"start":{"line":26,"column":4},"end":{"line":26,"column":null}},"13":{"start":{"line":25,"column":21},"end":{"line":25,"column":28}},"14":{"start":{"line":25,"column":41},"end":{"line":25,"column":58}},"15":{"start":{"line":30,"column":4},"end":{"line":30,"column":null}},"16":{"start":{"line":33,"column":4},"end":{"line":33,"column":null}},"17":{"start":{"line":36,"column":4},"end":{"line":36,"column":null}},"18":{"start":{"line":6,"column":13},"end":{"line":37,"column":null}},"19":{"start":{"line":6,"column":13},"end":{"line":6,"column":22}}},"fnMap":{"0":{"name":"(anonymous_2)","decl":{"start":{"line":22,"column":15},"end":{"line":22,"column":18}},"loc":{"start":{"line":22,"column":21},"end":{"line":22,"column":25}}},"1":{"name":"(anonymous_3)","decl":{"start":{"line":22,"column":27},"end":{"line":22,"column":31}},"loc":{"start":{"line":22,"column":35},"end":{"line":22,"column":50}}},"2":{"name":"(anonymous_4)","decl":{"start":{"line":25,"column":15},"end":{"line":25,"column":18}},"loc":{"start":{"line":25,"column":21},"end":{"line":25,"column":28}}},"3":{"name":"(anonymous_5)","decl":{"start":{"line":25,"column":30},"end":{"line":25,"column":37}},"loc":{"start":{"line":25,"column":41},"end":{"line":25,"column":58}}}},"branchMap":{},"s":{"0":6,"1":6,"2":6,"3":6,"4":6,"5":6,"6":6,"7":6,"8":6,"9":6,"10":6,"11":6,"12":6,"13":6,"14":6,"15":6,"16":6,"17":6,"18":6,"19":6},"f":{"0":6,"1":6,"2":6,"3":6},"b":{}}
,"/var/app/backend/src/entity/Invitee.ts": {"path":"/var/app/backend/src/entity/Invitee.ts","statementMap":{"0":{"start":{"line":1,"column":0},"end":{"line":1,"column":54}},"1":{"start":{"line":2,"column":0},"end":{"line":2,"column":117}},"2":{"start":{"line":8,"column":0},"end":{"line":31,"column":null}},"3":{"start":{"line":10,"column":4},"end":{"line":10,"column":null}},"4":{"start":{"line":13,"column":4},"end":{"line":13,"column":null}},"5":{"start":{"line":16,"column":4},"end":{"line":16,"column":null}},"6":{"start":{"line":21,"column":4},"end":{"line":21,"column":null}},"7":{"start":{"line":24,"column":4},"end":{"line":24,"column":null}},"8":{"start":{"line":27,"column":4},"end":{"line":27,"column":null}},"9":{"start":{"line":30,"column":4},"end":{"line":30,"column":null}},"10":{"start":{"line":8,"column":13},"end":{"line":31,"column":null}},"11":{"start":{"line":8,"column":13},"end":{"line":8,"column":20}}},"fnMap":{},"branchMap":{},"s":{"0":6,"1":6,"2":6,"3":6,"4":6,"5":6,"6":6,"7":6,"8":6,"9":6,"10":6,"11":6},"f":{},"b":{}}
,"/var/app/backend/src/entity/ProfilePhoto.ts": {"path":"/var/app/backend/src/entity/ProfilePhoto.ts","statementMap":{"0":{"start":{"line":1,"column":0},"end":{"line":1,"column":129}},"1":{"start":{"line":4,"column":0},"end":{"line":19,"column":null}},"2":{"start":{"line":6,"column":4},"end":{"line":6,"column":null}},"3":{"start":{"line":9,"column":4},"end":{"line":9,"column":null}},"4":{"start":{"line":12,"column":4},"end":{"line":12,"column":null}},"5":{"start":{"line":15,"column":4},"end":{"line":15,"column":null}},"6":{"start":{"line":18,"column":4},"end":{"line":18,"column":null}},"7":{"start":{"line":4,"column":13},"end":{"line":19,"column":null}},"8":{"start":{"line":4,"column":13},"end":{"line":4,"column":25}}},"fnMap":{},"branchMap":{},"s":{"0":6,"1":6,"2":6,"3":6,"4":6,"5":6,"6":6,"7":6,"8":6},"f":{},"b":{}}
,"/var/app/backend/src/entity/User.ts": {"path":"/var/app/backend/src/entity/User.ts","statementMap":{"0":{"start":{"line":1,"column":0},"end":{"line":1,"column":162}},"1":{"start":{"line":2,"column":0},"end":{"line":2,"column":40}},"2":{"start":{"line":3,"column":0},"end":{"line":3,"column":52}},"3":{"start":{"line":4,"column":0},"end":{"line":4,"column":46}},"4":{"start":{"line":7,"column":0},"end":{"line":46,"column":null}},"5":{"start":{"line":9,"column":4},"end":{"line":9,"column":null}},"6":{"start":{"line":12,"column":4},"end":{"line":12,"column":null}},"7":{"start":{"line":15,"column":4},"end":{"line":15,"column":null}},"8":{"start":{"line":18,"column":4},"end":{"line":18,"column":null}},"9":{"start":{"line":24,"column":4},"end":{"line":24,"column":null}},"10":{"start":{"line":20,"column":21},"end":{"line":20,"column":36}},"11":{"start":{"line":20,"column":58},"end":{"line":20,"column":79}},"12":{"start":{"line":27,"column":4},"end":{"line":27,"column":null}},"13":{"start":{"line":31,"column":4},"end":{"line":31,"column":null}},"14":{"start":{"line":29,"column":20},"end":{"line":29,"column":32}},"15":{"start":{"line":36,"column":4},"end":{"line":36,"column":null}},"16":{"start":{"line":33,"column":21},"end":{"line":33,"column":30}},"17":{"start":{"line":33,"column":45},"end":{"line":33,"column":59}},"18":{"start":{"line":39,"column":4},"end":{"line":39,"column":null}},"19":{"start":{"line":42,"column":4},"end":{"line":42,"column":null}},"20":{"start":{"line":45,"column":4},"end":{"line":45,"column":null}},"21":{"start":{"line":7,"column":13},"end":{"line":46,"column":null}},"22":{"start":{"line":7,"column":13},"end":{"line":7,"column":17}}},"fnMap":{"0":{"name":"(anonymous_2)","decl":{"start":{"line":20,"column":15},"end":{"line":20,"column":18}},"loc":{"start":{"line":20,"column":21},"end":{"line":20,"column":36}}},"1":{"name":"(anonymous_3)","decl":{"start":{"line":20,"column":38},"end":{"line":20,"column":54}},"loc":{"start":{"line":20,"column":58},"end":{"line":20,"column":79}}},"2":{"name":"(anonymous_4)","decl":{"start":{"line":29,"column":14},"end":{"line":29,"column":17}},"loc":{"start":{"line":29,"column":20},"end":{"line":29,"column":32}}},"3":{"name":"(anonymous_5)","decl":{"start":{"line":33,"column":15},"end":{"line":33,"column":18}},"loc":{"start":{"line":33,"column":21},"end":{"line":33,"column":30}}},"4":{"name":"(anonymous_6)","decl":{"start":{"line":33,"column":32},"end":{"line":33,"column":41}},"loc":{"start":{"line":33,"column":45},"end":{"line":33,"column":59}}}},"branchMap":{},"s":{"0":6,"1":6,"2":6,"3":6,"4":6,"5":6,"6":6,"7":6,"8":6,"9":6,"10":6,"11":6,"12":6,"13":6,"14":6,"15":6,"16":6,"17":6,"18":6,"19":6,"20":6,"21":6,"22":6},"f":{"0":6,"1":6,"2":6,"3":6,"4":6},"b":{}}
,"/var/app/backend/src/enums/day.ts": {"path":"/var/app/backend/src/enums/day.ts","statementMap":{"0":{"start":{"line":1,"column":0},"end":{"line":1,"column":null}},"1":{"start":{"line":2,"column":4},"end":{"line":2,"column":null}},"2":{"start":{"line":3,"column":4},"end":{"line":3,"column":null}},"3":{"start":{"line":4,"column":4},"end":{"line":4,"column":null}},"4":{"start":{"line":5,"column":4},"end":{"line":5,"column":null}},"5":{"start":{"line":6,"column":4},"end":{"line":6,"column":null}},"6":{"start":{"line":7,"column":4},"end":{"line":7,"column":null}},"7":{"start":{"line":8,"column":4},"end":{"line":8,"column":null}},"8":{"start":{"line":11,"column":13},"end":{"line":41,"column":null}},"9":{"start":{"line":14,"column":4},"end":{"line":38,"column":null}},"10":{"start":{"line":16,"column":12},"end":{"line":16,"column":29}},"11":{"start":{"line":17,"column":12},"end":{"line":17,"column":18}},"12":{"start":{"line":19,"column":12},"end":{"line":19,"column":30}},"13":{"start":{"line":20,"column":12},"end":{"line":20,"column":18}},"14":{"start":{"line":22,"column":12},"end":{"line":22,"column":32}},"15":{"start":{"line":23,"column":12},"end":{"line":23,"column":18}},"16":{"start":{"line":25,"column":12},"end":{"line":25,"column":31}},"17":{"start":{"line":26,"column":12},"end":{"line":26,"column":18}},"18":{"start":{"line":28,"column":12},"end":{"line":28,"column":29}},"19":{"start":{"line":29,"column":12},"end":{"line":29,"column":18}},"20":{"start":{"line":31,"column":12},"end":{"line":31,"column":31}},"21":{"start":{"line":32,"column":12},"end":{"line":32,"column":18}},"22":{"start":{"line":34,"column":12},"end":{"line":34,"column":29}},"23":{"start":{"line":35,"column":12},"end":{"line":35,"column":18}},"24":{"start":{"line":37,"column":12},"end":{"line":37,"column":null}},"25":{"start":{"line":40,"column":4},"end":{"line":40,"column":15}}},"fnMap":{"0":{"name":"(anonymous_0)","decl":{"start":{"line":1,"column":0},"end":{"line":1,"column":12}},"loc":{"start":{"line":1,"column":15},"end":{"line":9,"column":1}}},"1":{"name":"(anonymous_1)","decl":{"start":{"line":11,"column":37},"end":{"line":11,"column":38}},"loc":{"start":{"line":11,"column":63},"end":{"line":41,"column":1}}}},"branchMap":{"0":{"loc":{"start":{"line":1,"column":12},"end":{"line":1,"column":15}},"type":"binary-expr","locations":[{"start":{"line":1,"column":12},"end":{"line":1,"column":15}},{"start":{"line":1,"column":12},"end":{"line":1,"column":null}}]},"1":{"loc":{"start":{"line":15,"column":8},"end":{"line":17,"column":18}},"type":"switch","locations":[{"start":{"line":15,"column":8},"end":{"line":17,"column":18}},{"start":{"line":18,"column":8},"end":{"line":20,"column":18}},{"start":{"line":21,"column":8},"end":{"line":23,"column":18}},{"start":{"line":24,"column":8},"end":{"line":26,"column":18}},{"start":{"line":27,"column":8},"end":{"line":29,"column":18}},{"start":{"line":30,"column":8},"end":{"line":32,"column":18}},{"start":{"line":33,"column":8},"end":{"line":35,"column":18}},{"start":{"line":36,"column":8},"end":{"line":37,"column":null}}]}},"s":{"0":6,"1":6,"2":6,"3":6,"4":6,"5":6,"6":6,"7":6,"8":6,"9":7,"10":1,"11":1,"12":1,"13":1,"14":1,"15":1,"16":1,"17":1,"18":1,"19":1,"20":1,"21":1,"22":1,"23":1,"24":0,"25":7},"f":{"0":6,"1":7},"b":{"0":[6,6],"1":[1,1,1,1,1,1,1,0]}}
,"/var/app/backend/src/enums/status.ts": {"path":"/var/app/backend/src/enums/status.ts","statementMap":{"0":{"start":{"line":1,"column":0},"end":{"line":1,"column":null}},"1":{"start":{"line":2,"column":4},"end":{"line":2,"column":null}},"2":{"start":{"line":3,"column":4},"end":{"line":3,"column":null}}},"fnMap":{"0":{"name":"(anonymous_0)","decl":{"start":{"line":1,"column":0},"end":{"line":1,"column":12}},"loc":{"start":{"line":1,"column":18},"end":{"line":4,"column":1}}}},"branchMap":{"0":{"loc":{"start":{"line":1,"column":12},"end":{"line":1,"column":18}},"type":"binary-expr","locations":[{"start":{"line":1,"column":12},"end":{"line":1,"column":18}},{"start":{"line":1,"column":12},"end":{"line":1,"column":null}}]}},"s":{"0":6,"1":6,"2":6},"f":{"0":6},"b":{"0":[6,6]}}
,"/var/app/backend/src/middleware/authentication.ts": {"path":"/var/app/backend/src/middleware/authentication.ts","statementMap":{"0":{"start":{"line":1,"column":0},"end":{"line":1,"column":30}},"1":{"start":{"line":2,"column":0},"end":{"line":2,"column":27}},"2":{"start":{"line":24,"column":8},"end":{"line":24,"column":null}},"3":{"start":{"line":28,"column":8},"end":{"line":32,"column":null}},"4":{"start":{"line":29,"column":12},"end":{"line":29,"column":53}},"5":{"start":{"line":31,"column":12},"end":{"line":31,"column":24}},"6":{"start":{"line":36,"column":8},"end":{"line":36,"column":54}},"7":{"start":{"line":40,"column":8},"end":{"line":45,"column":null}},"8":{"start":{"line":41,"column":27},"end":{"line":41,"column":56}},"9":{"start":{"line":42,"column":12},"end":{"line":42,"column":25}},"10":{"start":{"line":44,"column":12},"end":{"line":44,"column":25}},"11":{"start":{"line":49,"column":20},"end":{"line":49,"column":44}},"12":{"start":{"line":52,"column":8},"end":{"line":54,"column":null}},"13":{"start":{"line":53,"column":10},"end":{"line":53,"column":65}},"14":{"start":{"line":57,"column":27},"end":{"line":57,"column":64}},"15":{"start":{"line":58,"column":8},"end":{"line":60,"column":null}},"16":{"start":{"line":59,"column":10},"end":{"line":59,"column":66}},"17":{"start":{"line":62,"column":8},"end":{"line":62,"column":22}},"18":{"start":{"line":15,"column":0},"end":{"line":15,"column":13}},"19":{"start":{"line":16,"column":19},"end":{"line":16,"column":45}},"20":{"start":{"line":17,"column":19},"end":{"line":19,"column":6}},"21":{"start":{"line":21,"column":19},"end":{"line":21,"column":43}}},"fnMap":{"0":{"name":"(anonymous_8)","decl":{"start":{"line":23,"column":11},"end":{"line":23,"column":17}},"loc":{"start":{"line":23,"column":52},"end":{"line":25,"column":null}}},"1":{"name":"(anonymous_10)","decl":{"start":{"line":27,"column":11},"end":{"line":27,"column":17}},"loc":{"start":{"line":27,"column":48},"end":{"line":33,"column":null}}},"2":{"name":"(anonymous_12)","decl":{"start":{"line":35,"column":11},"end":{"line":35,"column":17}},"loc":{"start":{"line":35,"column":52},"end":{"line":37,"column":null}}},"3":{"name":"(anonymous_14)","decl":{"start":{"line":39,"column":11},"end":{"line":39,"column":17}},"loc":{"start":{"line":39,"column":76},"end":{"line":46,"column":null}}},"4":{"name":"(anonymous_16)","decl":{"start":{"line":48,"column":11},"end":{"line":48,"column":17}},"loc":{"start":{"line":48,"column":84},"end":{"line":63,"column":null}}}},"branchMap":{"0":{"loc":{"start":{"line":52,"column":8},"end":{"line":54,"column":null}},"type":"if","locations":[{"start":{"line":52,"column":8},"end":{"line":54,"column":null}},{"start":{"line":52,"column":8},"end":{"line":54,"column":null}}]},"1":{"loc":{"start":{"line":58,"column":8},"end":{"line":60,"column":null}},"type":"if","locations":[{"start":{"line":58,"column":8},"end":{"line":60,"column":null}},{"start":{"line":58,"column":8},"end":{"line":60,"column":null}}]}},"s":{"0":6,"1":6,"2":1,"3":1,"4":1,"5":0,"6":1,"7":1,"8":1,"9":1,"10":0,"11":0,"12":0,"13":0,"14":0,"15":0,"16":0,"17":0,"18":6,"19":6,"20":6,"21":6},"f":{"0":1,"1":1,"2":1,"3":1,"4":0},"b":{"0":[0,0],"1":[0,0]}}
,"/var/app/backend/src/router/booking.router.ts": {"path":"/var/app/backend/src/router/booking.router.ts","statementMap":{"0":{"start":{"line":1,"column":0},"end":{"line":1,"column":33}},"1":{"start":{"line":2,"column":0},"end":{"line":2,"column":118}},"2":{"start":{"line":5,"column":13},"end":{"line":5,"column":57}},"3":{"start":{"line":8,"column":0},"end":{"line":8,"column":39}},"4":{"start":{"line":11,"column":0},"end":{"line":11,"column":39}},"5":{"start":{"line":14,"column":0},"end":{"line":14,"column":55}},"6":{"start":{"line":17,"column":0},"end":{"line":17,"column":53}}},"fnMap":{},"branchMap":{},"s":{"0":6,"1":6,"2":6,"3":6,"4":6,"5":6,"6":6},"f":{},"b":{}}
,"/var/app/backend/src/router/dayAvailability.router.ts": {"path":"/var/app/backend/src/router/dayAvailability.router.ts","statementMap":{"0":{"start":{"line":1,"column":0},"end":{"line":1,"column":33}},"1":{"start":{"line":2,"column":0},"end":{"line":2,"column":169}},"2":{"start":{"line":5,"column":13},"end":{"line":5,"column":null}},"3":{"start":{"line":7,"column":0},"end":{"line":7,"column":51}},"4":{"start":{"line":8,"column":0},"end":{"line":8,"column":55}},"5":{"start":{"line":9,"column":0},"end":{"line":9,"column":61}},"6":{"start":{"line":10,"column":0},"end":{"line":10,"column":69}},"7":{"start":{"line":11,"column":0},"end":{"line":11,"column":80}}},"fnMap":{},"branchMap":{},"s":{"0":6,"1":6,"2":6,"3":6,"4":6,"5":6,"6":6,"7":6},"f":{},"b":{}}
,"/var/app/backend/src/router/global.router.ts": {"path":"/var/app/backend/src/router/global.router.ts","statementMap":{"0":{"start":{"line":1,"column":0},"end":{"line":1,"column":52}},"1":{"start":{"line":2,"column":0},"end":{"line":2,"column":65}},"2":{"start":{"line":3,"column":0},"end":{"line":3,"column":49}},"3":{"start":{"line":4,"column":0},"end":{"line":4,"column":49}},"4":{"start":{"line":5,"column":0},"end":{"line":5,"column":43}},"5":{"start":{"line":7,"column":13},"end":{"line":7,"column":58}},"6":{"start":{"line":9,"column":0},"end":{"line":11,"column":3}},"7":{"start":{"line":9,"column":58},"end":{"line":11,"column":2}},"8":{"start":{"line":10,"column":4},"end":{"line":10,"column":51}},"9":{"start":{"line":13,"column":0},"end":{"line":13,"column":38}},"10":{"start":{"line":14,"column":0},"end":{"line":14,"column":57}},"11":{"start":{"line":16,"column":0},"end":{"line":16,"column":44}},"12":{"start":{"line":18,"column":0},"end":{"line":18,"column":44}}},"fnMap":{"0":{"name":"(anonymous_7)","decl":{"start":{"line":9,"column":22},"end":{"line":9,"column":29}},"loc":{"start":{"line":9,"column":58},"end":{"line":11,"column":2}}},"1":{"name":"(anonymous_8)","decl":{"start":{"line":9,"column":58},"end":{"line":9,"column":null}},"loc":{"start":{"line":9,"column":58},"end":{"line":11,"column":1}}}},"branchMap":{},"s":{"0":6,"1":6,"2":6,"3":6,"4":6,"5":6,"6":6,"7":0,"8":0,"9":6,"10":6,"11":6,"12":6},"f":{"0":0,"1":0},"b":{}}
,"/var/app/backend/src/router/invitee.router.ts": {"path":"/var/app/backend/src/router/invitee.router.ts","statementMap":{"0":{"start":{"line":1,"column":0},"end":{"line":1,"column":33}},"1":{"start":{"line":2,"column":0},"end":{"line":2,"column":118}},"2":{"start":{"line":4,"column":13},"end":{"line":4,"column":57}},"3":{"start":{"line":7,"column":0},"end":{"line":7,"column":39}},"4":{"start":{"line":10,"column":0},"end":{"line":10,"column":39}},"5":{"start":{"line":13,"column":0},"end":{"line":13,"column":55}},"6":{"start":{"line":16,"column":0},"end":{"line":16,"column":53}}},"fnMap":{},"branchMap":{},"s":{"0":6,"1":6,"2":6,"3":6,"4":6,"5":6,"6":6},"f":{},"b":{}}
,"/var/app/backend/src/router/user.router.ts": {"path":"/var/app/backend/src/router/user.router.ts","statementMap":{"0":{"start":{"line":1,"column":0},"end":{"line":1,"column":33}},"1":{"start":{"line":2,"column":0},"end":{"line":2,"column":188}},"2":{"start":{"line":4,"column":13},"end":{"line":4,"column":56}},"3":{"start":{"line":8,"column":0},"end":{"line":8,"column":null}},"4":{"start":{"line":11,"column":0},"end":{"line":11,"column":null}},"5":{"start":{"line":14,"column":0},"end":{"line":14,"column":null}},"6":{"start":{"line":17,"column":0},"end":{"line":17,"column":null}},"7":{"start":{"line":20,"column":0},"end":{"line":20,"column":40}},"8":{"start":{"line":23,"column":0},"end":{"line":23,"column":33}},"9":{"start":{"line":26,"column":0},"end":{"line":26,"column":44}},"10":{"start":{"line":29,"column":0},"end":{"line":29,"column":46}},"11":{"start":{"line":32,"column":0},"end":{"line":32,"column":null}},"12":{"start":{"line":35,"column":0},"end":{"line":35,"column":null}}},"fnMap":{},"branchMap":{},"s":{"0":6,"1":6,"2":6,"3":6,"4":6,"5":6,"6":6,"7":6,"8":6,"9":6,"10":6,"11":6,"12":6},"f":{},"b":{}}
,"/var/app/backend/test/helper.ts": {"path":"/var/app/backend/test/helper.ts","statementMap":{"0":{"start":{"line":1,"column":0},"end":{"line":1,"column":42}},"1":{"start":{"line":2,"column":0},"end":{"line":2,"column":43}},"2":{"start":{"line":3,"column":0},"end":{"line":3,"column":29}},"3":{"start":{"line":4,"column":0},"end":{"line":4,"column":89}},"4":{"start":{"line":5,"column":0},"end":{"line":5,"column":91}},"5":{"start":{"line":6,"column":0},"end":{"line":6,"column":42}},"6":{"start":{"line":7,"column":0},"end":{"line":7,"column":66}},"7":{"start":{"line":8,"column":0},"end":{"line":8,"column":59}},"8":{"start":{"line":29,"column":9},"end":{"line":31,"column":4}},"9":{"start":{"line":29,"column":36},"end":{"line":31,"column":4}},"10":{"start":{"line":30,"column":4},"end":{"line":30,"column":46}},"11":{"start":{"line":15,"column":4},"end":{"line":15,"column":27}},"12":{"start":{"line":16,"column":4},"end":{"line":16,"column":25}},"13":{"start":{"line":17,"column":4},"end":{"line":17,"column":36}},"14":{"start":{"line":20,"column":4},"end":{"line":20,"column":39}},"15":{"start":{"line":21,"column":19},"end":{"line":21,"column":56}},"16":{"start":{"line":22,"column":4},"end":{"line":25,"column":6}},"17":{"start":{"line":26,"column":4},"end":{"line":26,"column":31}},"18":{"start":{"line":27,"column":4},"end":{"line":27,"column":30}},"19":{"start":{"line":33,"column":4},"end":{"line":33,"column":37}},"20":{"start":{"line":37,"column":19},"end":{"line":37,"column":31}},"21":{"start":{"line":38,"column":4},"end":{"line":38,"column":48}},"22":{"start":{"line":40,"column":21},"end":{"line":40,"column":35}},"23":{"start":{"line":41,"column":21},"end":{"line":41,"column":60}},"24":{"start":{"line":42,"column":20},"end":{"line":42,"column":64}},"25":{"start":{"line":44,"column":4},"end":{"line":47,"column":null}},"26":{"start":{"line":45,"column":22},"end":{"line":45,"column":50}},"27":{"start":{"line":46,"column":6},"end":{"line":46,"column":63}},"28":{"start":{"line":51,"column":4},"end":{"line":51,"column":29}},"29":{"start":{"line":55,"column":4},"end":{"line":55,"column":51}},"30":{"start":{"line":59,"column":17},"end":{"line":59,"column":77}},"31":{"start":{"line":61,"column":4},"end":{"line":65,"column":7}},"32":{"start":{"line":10,"column":0},"end":{"line":10,"column":13}}},"fnMap":{"0":{"name":"(anonymous_14)","decl":{"start":{"line":10,"column":0},"end":{"line":10,"column":13}},"loc":{"start":{"line":10,"column":0},"end":{"line":67,"column":1}}},"1":{"name":"(anonymous_15)","decl":{"start":{"line":29,"column":25},"end":{"line":29,"column":34}},"loc":{"start":{"line":29,"column":36},"end":{"line":31,"column":4}}},"2":{"name":"(anonymous_16)","decl":{"start":{"line":29,"column":36},"end":{"line":29,"column":null}},"loc":{"start":{"line":29,"column":36},"end":{"line":31,"column":3}}},"3":{"name":"(anonymous_17)","decl":{"start":{"line":14,"column":15},"end":{"line":14,"column":19}},"loc":{"start":{"line":14,"column":19},"end":{"line":28,"column":null}}},"4":{"name":"(anonymous_19)","decl":{"start":{"line":32,"column":15},"end":{"line":32,"column":23}},"loc":{"start":{"line":32,"column":23},"end":{"line":34,"column":null}}},"5":{"name":"(anonymous_21)","decl":{"start":{"line":36,"column":15},"end":{"line":36,"column":27}},"loc":{"start":{"line":36,"column":27},"end":{"line":48,"column":null}}},"6":{"name":"(anonymous_23)","decl":{"start":{"line":50,"column":9},"end":{"line":50,"column":22}},"loc":{"start":{"line":50,"column":22},"end":{"line":52,"column":3}}},"7":{"name":"(anonymous_24)","decl":{"start":{"line":54,"column":9},"end":{"line":54,"column":16}},"loc":{"start":{"line":54,"column":51},"end":{"line":56,"column":3}}},"8":{"name":"(anonymous_25)","decl":{"start":{"line":58,"column":15},"end":{"line":58,"column":24}},"loc":{"start":{"line":58,"column":42},"end":{"line":66,"column":null}}}},"branchMap":{},"s":{"0":6,"1":6,"2":6,"3":6,"4":6,"5":6,"6":6,"7":6,"8":6,"9":26,"10":26,"11":6,"12":6,"13":6,"14":6,"15":6,"16":6,"17":6,"18":6,"19":6,"20":26,"21":26,"22":26,"23":26,"24":26,"25":26,"26":104,"27":104,"28":0,"29":128,"30":0,"31":0,"32":6},"f":{"0":6,"1":26,"2":26,"3":6,"4":6,"5":26,"6":0,"7":128,"8":0},"b":{}}
}
