TN:
SF:ormconfig.js
FN:1,(anonymous_0)
FNF:1
FNH:1
FNDA:18,(anonymous_0)
DA:1,3
DA:2,18
DA:3,18
DA:6,18
DA:7,18
DA:10,0
DA:11,0
DA:14,18
DA:17,3
DA:35,3
LF:10
LH:8
BRDA:3,0,0,18
BRDA:3,0,1,0
BRDA:3,0,2,0
BRF:3
BRH:1
end_of_record
TN:
SF:src/controller/booking.controller.ts
FN:5,(anonymous_7)
FN:5,(anonymous_8)
FN:22,(anonymous_9)
FN:22,(anonymous_10)
FN:45,(anonymous_11)
FN:45,(anonymous_12)
FN:64,(anonymous_13)
FN:64,(anonymous_14)
FNF:8
FNH:0
FNDA:0,(anonymous_7)
FNDA:0,(anonymous_8)
FNDA:0,(anonymous_9)
FNDA:0,(anonymous_10)
FNDA:0,(anonymous_11)
FNDA:0,(anonymous_12)
FNDA:0,(anonymous_13)
FNDA:0,(anonymous_14)
DA:2,3
DA:3,3
DA:5,3
DA:6,0
DA:7,0
DA:8,0
DA:10,0
DA:15,0
DA:16,0
DA:22,3
DA:23,0
DA:24,0
DA:25,0
DA:27,0
DA:28,0
DA:29,0
DA:30,0
DA:31,0
DA:32,0
DA:33,0
DA:38,0
DA:39,0
DA:45,3
DA:46,0
DA:47,0
DA:49,0
DA:50,0
DA:51,0
DA:52,0
DA:57,0
DA:58,0
DA:64,3
DA:65,0
DA:66,0
DA:68,0
DA:70,0
DA:71,0
DA:72,0
DA:73,0
DA:75,0
DA:76,0
DA:79,0
DA:80,0
DA:81,0
DA:83,0
DA:89,0
DA:90,0
LF:47
LH:6
BRF:0
BRH:0
end_of_record
TN:
SF:src/controller/dayAvailability.controller.ts
FN:7,(anonymous_7)
FN:7,(anonymous_8)
FN:16,(anonymous_9)
FN:16,(anonymous_10)
FN:35,(anonymous_11)
FN:54,(anonymous_12)
FN:54,(anonymous_13)
FN:76,(anonymous_14)
FN:76,(anonymous_15)
FN:94,(anonymous_16)
FN:94,(anonymous_17)
FNF:11
FNH:3
FNDA:0,(anonymous_7)
FNDA:0,(anonymous_8)
FNDA:0,(anonymous_9)
FNDA:0,(anonymous_10)
FNDA:1,(anonymous_11)
FNDA:0,(anonymous_12)
FNDA:0,(anonymous_13)
FNDA:0,(anonymous_14)
FNDA:0,(anonymous_15)
FNDA:1,(anonymous_16)
FNDA:1,(anonymous_17)
DA:2,3
DA:3,3
DA:4,3
DA:5,3
DA:7,3
DA:8,0
DA:9,0
DA:10,0
DA:11,0
DA:16,3
DA:17,0
DA:18,0
DA:20,0
DA:21,0
DA:22,0
DA:23,0
DA:27,0
DA:28,0
DA:35,3
DA:36,1
DA:37,1
DA:39,7
DA:40,7
DA:41,7
DA:42,7
DA:43,7
DA:44,7
DA:45,7
DA:46,7
DA:47,7
DA:50,1
DA:51,1
DA:54,3
DA:55,0
DA:56,0
DA:57,0
DA:59,0
DA:60,0
DA:61,0
DA:62,0
DA:63,0
DA:64,0
DA:65,0
DA:66,0
DA:70,0
DA:71,0
DA:76,3
DA:77,0
DA:78,0
DA:80,0
DA:81,0
DA:82,0
DA:83,0
DA:87,0
DA:88,0
DA:94,3
DA:95,1
DA:96,1
DA:97,1
DA:99,1
DA:100,1
DA:101,1
DA:102,1
DA:103,1
DA:104,1
DA:105,1
DA:108,1
DA:109,1
DA:111,1
DA:115,0
DA:116,0
LF:71
LH:36
BRDA:103,0,0,1
BRDA:103,0,1,0
BRF:2
BRH:1
end_of_record
TN:
SF:src/controller/invitee.controller.ts
FN:5,(anonymous_7)
FN:5,(anonymous_8)
FN:23,(anonymous_9)
FN:23,(anonymous_10)
FN:47,(anonymous_11)
FN:47,(anonymous_12)
FN:67,(anonymous_13)
FN:67,(anonymous_14)
FNF:8
FNH:0
FNDA:0,(anonymous_7)
FNDA:0,(anonymous_8)
FNDA:0,(anonymous_9)
FNDA:0,(anonymous_10)
FNDA:0,(anonymous_11)
FNDA:0,(anonymous_12)
FNDA:0,(anonymous_13)
FNDA:0,(anonymous_14)
DA:2,3
DA:3,3
DA:5,3
DA:6,0
DA:7,0
DA:8,0
DA:10,0
DA:14,0
DA:15,0
DA:23,3
DA:24,0
DA:25,0
DA:26,0
DA:27,0
DA:28,0
DA:29,0
DA:30,0
DA:32,0
DA:33,0
DA:38,0
DA:39,0
DA:47,3
DA:48,0
DA:49,0
DA:51,0
DA:52,0
DA:53,0
DA:54,0
DA:60,0
DA:61,0
DA:67,3
DA:68,0
DA:69,0
DA:71,0
DA:73,0
DA:74,0
DA:75,0
DA:76,0
DA:78,0
DA:79,0
DA:82,0
DA:83,0
DA:84,0
DA:86,0
DA:92,0
DA:93,0
LF:46
LH:6
BRF:0
BRH:0
end_of_record
TN:
SF:src/controller/user.controller.ts
FN:10,(anonymous_7)
FN:10,(anonymous_8)
FN:32,(anonymous_9)
FN:32,(anonymous_10)
FN:47,(anonymous_11)
FN:47,(anonymous_12)
FN:69,(anonymous_13)
FN:69,(anonymous_14)
FN:83,(anonymous_15)
FN:83,(anonymous_16)
FN:98,(anonymous_17)
FN:98,(anonymous_18)
FN:114,(anonymous_19)
FN:114,(anonymous_20)
FN:146,(anonymous_21)
FN:146,(anonymous_22)
FN:166,(anonymous_23)
FN:166,(anonymous_24)
FN:200,(anonymous_25)
FN:200,(anonymous_26)
FNF:20
FNH:12
FNDA:1,(anonymous_7)
FNDA:1,(anonymous_8)
FNDA:1,(anonymous_9)
FNDA:1,(anonymous_10)
FNDA:1,(anonymous_11)
FNDA:1,(anonymous_12)
FNDA:1,(anonymous_13)
FNDA:1,(anonymous_14)
FNDA:0,(anonymous_15)
FNDA:0,(anonymous_16)
FNDA:0,(anonymous_17)
FNDA:0,(anonymous_18)
FNDA:0,(anonymous_19)
FNDA:0,(anonymous_20)
FNDA:0,(anonymous_21)
FNDA:0,(anonymous_22)
FNDA:1,(anonymous_23)
FNDA:1,(anonymous_24)
FNDA:1,(anonymous_25)
FNDA:1,(anonymous_26)
DA:2,3
DA:3,3
DA:4,3
DA:5,3
DA:6,3
DA:10,3
DA:11,1
DA:12,1
DA:13,1
DA:14,1
DA:15,1
DA:16,1
DA:17,1
DA:18,1
DA:19,1
DA:20,1
DA:21,1
DA:22,1
DA:23,1
DA:24,1
DA:27,0
DA:32,3
DA:33,1
DA:34,1
DA:35,1
DA:36,1
DA:37,1
DA:42,0
DA:47,3
DA:48,1
DA:49,1
DA:50,1
DA:51,1
DA:52,1
DA:53,1
DA:54,1
DA:55,1
DA:56,1
DA:57,1
DA:58,1
DA:63,0
DA:69,3
DA:70,1
DA:71,1
DA:72,1
DA:73,1
DA:74,1
DA:75,1
DA:78,0
DA:83,3
DA:84,0
DA:85,0
DA:86,0
DA:87,0
DA:88,0
DA:93,0
DA:98,3
DA:99,0
DA:100,0
DA:101,0
DA:102,0
DA:108,0
DA:114,3
DA:115,0
DA:116,0
DA:117,0
DA:119,0
DA:120,0
DA:121,0
DA:122,0
DA:124,0
DA:125,0
DA:127,0
DA:128,0
DA:131,0
DA:133,0
DA:134,0
DA:139,0
DA:146,3
DA:147,0
DA:148,0
DA:150,0
DA:151,0
DA:152,0
DA:153,0
DA:158,0
DA:166,3
DA:167,1
DA:169,1
DA:172,1
DA:177,1
DA:178,0
DA:184,1
DA:186,1
DA:187,1
DA:188,1
DA:189,1
DA:190,1
DA:192,1
DA:194,1
DA:200,3
DA:201,1
DA:202,1
DA:205,1
DA:211,1
DA:212,0
DA:215,1
DA:216,1
DA:217,0
DA:220,1
DA:226,1
LF:111
LH:71
BRDA:121,0,0,0
BRDA:121,0,1,0
BRDA:124,1,0,0
BRDA:124,1,1,0
BRDA:127,2,0,0
BRDA:127,2,1,0
BRDA:177,3,0,0
BRDA:177,3,1,1
BRDA:211,4,0,0
BRDA:211,4,1,1
BRDA:216,5,0,0
BRDA:216,5,1,1
BRF:12
BRH:3
end_of_record
TN:
SF:src/entity/Booking.ts
FN:26,(anonymous_2)
FN:30,(anonymous_3)
FN:30,(anonymous_4)
FNF:3
FNH:3
FNDA:3,(anonymous_2)
FNDA:3,(anonymous_3)
FNDA:3,(anonymous_4)
DA:1,3
DA:2,3
DA:3,3
DA:4,3
DA:6,3
DA:9,3
DA:12,3
DA:15,3
DA:18,3
DA:21,3
DA:24,3
DA:26,3
DA:28,3
DA:30,3
DA:31,3
LF:15
LH:15
BRF:0
BRH:0
end_of_record
TN:
SF:src/entity/DayAvailability.ts
FN:10,(anonymous_2)
FN:10,(anonymous_3)
FNF:2
FNH:2
FNDA:3,(anonymous_2)
FNDA:3,(anonymous_3)
DA:1,3
DA:2,3
DA:3,3
DA:6,3
DA:8,3
DA:10,3
DA:11,3
DA:18,3
DA:21,3
DA:24,3
DA:27,3
DA:30,3
DA:33,3
DA:36,3
DA:39,3
DA:42,3
LF:16
LH:16
BRF:0
BRH:0
end_of_record
TN:
SF:src/entity/EventType.ts
FN:22,(anonymous_2)
FN:22,(anonymous_3)
FN:25,(anonymous_4)
FN:25,(anonymous_5)
FNF:4
FNH:4
FNDA:3,(anonymous_2)
FNDA:3,(anonymous_3)
FNDA:3,(anonymous_4)
FNDA:3,(anonymous_5)
DA:1,3
DA:2,3
DA:3,3
DA:6,3
DA:8,3
DA:11,3
DA:14,3
DA:17,3
DA:20,3
DA:22,3
DA:23,3
DA:25,3
DA:26,3
DA:30,3
DA:33,3
DA:36,3
LF:16
LH:16
BRF:0
BRH:0
end_of_record
TN:
SF:src/entity/Invitee.ts
FNF:0
FNH:0
DA:1,3
DA:2,3
DA:8,3
DA:10,3
DA:13,3
DA:16,3
DA:21,3
DA:24,3
DA:27,3
DA:30,3
LF:10
LH:10
BRF:0
BRH:0
end_of_record
TN:
SF:src/entity/ProfilePhoto.ts
FNF:0
FNH:0
DA:1,3
DA:4,3
DA:6,3
DA:9,3
DA:12,3
DA:15,3
DA:18,3
LF:7
LH:7
BRF:0
BRH:0
end_of_record
TN:
SF:src/entity/User.ts
FN:20,(anonymous_2)
FN:20,(anonymous_3)
FN:29,(anonymous_4)
FN:33,(anonymous_5)
FN:33,(anonymous_6)
FNF:5
FNH:5
FNDA:3,(anonymous_2)
FNDA:3,(anonymous_3)
FNDA:3,(anonymous_4)
FNDA:3,(anonymous_5)
FNDA:3,(anonymous_6)
DA:1,3
DA:2,3
DA:3,3
DA:4,3
DA:7,3
DA:9,3
DA:12,3
DA:15,3
DA:18,3
DA:20,3
DA:24,3
DA:27,3
DA:29,3
DA:31,3
DA:33,3
DA:36,3
DA:39,3
DA:42,3
DA:45,3
LF:19
LH:19
BRF:0
BRH:0
end_of_record
TN:
SF:src/enums/day.ts
FN:1,(anonymous_0)
FN:11,(anonymous_1)
FNF:2
FNH:2
FNDA:3,(anonymous_0)
FNDA:7,(anonymous_1)
DA:1,3
DA:2,3
DA:3,3
DA:4,3
DA:5,3
DA:6,3
DA:7,3
DA:8,3
DA:11,3
DA:14,7
DA:16,1
DA:17,1
DA:19,1
DA:20,1
DA:22,1
DA:23,1
DA:25,1
DA:26,1
DA:28,1
DA:29,1
DA:31,1
DA:32,1
DA:34,1
DA:35,1
DA:37,0
DA:40,7
LF:26
LH:25
BRDA:1,0,0,3
BRDA:1,0,1,3
BRDA:15,1,0,1
BRDA:15,1,1,1
BRDA:15,1,2,1
BRDA:15,1,3,1
BRDA:15,1,4,1
BRDA:15,1,5,1
BRDA:15,1,6,1
BRDA:15,1,7,0
BRF:10
BRH:9
end_of_record
TN:
SF:src/enums/status.ts
FN:1,(anonymous_0)
FNF:1
FNH:1
FNDA:3,(anonymous_0)
DA:1,3
DA:2,3
DA:3,3
LF:3
LH:3
BRDA:1,0,0,3
BRDA:1,0,1,3
BRF:2
BRH:2
end_of_record
TN:
SF:src/middleware/authentication.ts
FN:23,(anonymous_8)
FN:27,(anonymous_10)
FN:35,(anonymous_12)
FN:39,(anonymous_14)
FN:48,(anonymous_16)
FNF:5
FNH:4
FNDA:1,(anonymous_8)
FNDA:1,(anonymous_10)
FNDA:1,(anonymous_12)
FNDA:1,(anonymous_14)
FNDA:0,(anonymous_16)
DA:1,3
DA:2,3
DA:15,3
DA:16,3
DA:17,3
DA:21,3
DA:24,1
DA:28,1
DA:29,1
DA:31,0
DA:36,1
DA:40,1
DA:41,1
DA:42,1
DA:44,0
DA:49,0
DA:52,0
DA:53,0
DA:57,0
DA:58,0
DA:59,0
DA:62,0
LF:22
LH:13
BRDA:52,0,0,0
BRDA:52,0,1,0
BRDA:58,1,0,0
BRDA:58,1,1,0
BRF:4
BRH:0
end_of_record
TN:
SF:src/router/booking.router.ts
FNF:0
FNH:0
DA:1,3
DA:2,3
DA:5,3
DA:8,3
DA:11,3
DA:14,3
DA:17,3
LF:7
LH:7
BRF:0
BRH:0
end_of_record
TN:
SF:src/router/dayAvailability.router.ts
FNF:0
FNH:0
DA:1,3
DA:2,3
DA:5,3
DA:7,3
DA:8,3
DA:9,3
DA:10,3
DA:11,3
LF:8
LH:8
BRF:0
BRH:0
end_of_record
TN:
SF:src/router/global.router.ts
FN:9,(anonymous_7)
FN:9,(anonymous_8)
FNF:2
FNH:0
FNDA:0,(anonymous_7)
FNDA:0,(anonymous_8)
DA:1,3
DA:2,3
DA:3,3
DA:4,3
DA:5,3
DA:7,3
DA:9,3
DA:10,0
DA:13,3
DA:14,3
DA:16,3
DA:18,3
LF:12
LH:11
BRF:0
BRH:0
end_of_record
TN:
SF:src/router/invitee.router.ts
FNF:0
FNH:0
DA:1,3
DA:2,3
DA:4,3
DA:7,3
DA:10,3
DA:13,3
DA:16,3
LF:7
LH:7
BRF:0
BRH:0
end_of_record
TN:
SF:src/router/user.router.ts
FNF:0
FNH:0
DA:1,3
DA:2,3
DA:4,3
DA:8,3
DA:11,3
DA:14,3
DA:17,3
DA:20,3
DA:23,3
DA:26,3
DA:29,3
DA:32,3
DA:35,3
LF:13
LH:13
BRF:0
BRH:0
end_of_record
TN:
SF:test/helper.ts
FN:10,(anonymous_14)
FN:29,(anonymous_15)
FN:29,(anonymous_16)
FN:14,(anonymous_17)
FN:32,(anonymous_19)
FN:36,(anonymous_21)
FN:50,(anonymous_23)
FN:54,(anonymous_24)
FN:58,(anonymous_25)
FNF:9
FNH:7
FNDA:3,(anonymous_14)
FNDA:9,(anonymous_15)
FNDA:9,(anonymous_16)
FNDA:3,(anonymous_17)
FNDA:3,(anonymous_19)
FNDA:9,(anonymous_21)
FNDA:0,(anonymous_23)
FNDA:20,(anonymous_24)
FNDA:0,(anonymous_25)
DA:1,3
DA:2,3
DA:3,3
DA:4,3
DA:5,3
DA:6,3
DA:7,3
DA:8,3
DA:10,3
DA:15,3
DA:16,3
DA:17,3
DA:20,3
DA:21,3
DA:22,3
DA:26,3
DA:27,3
DA:29,9
DA:30,9
DA:33,3
DA:37,9
DA:38,9
DA:40,9
DA:41,9
DA:42,9
DA:44,9
DA:45,9
DA:46,9
DA:51,0
DA:55,20
DA:59,0
DA:61,0
LF:32
LH:29
BRF:0
BRH:0
end_of_record
