TN:
SF:ormconfig.js
FN:1,(anonymous_0)
FNF:1
FNH:1
FNDA:36,(anonymous_0)
DA:1,6
DA:2,36
DA:3,36
DA:6,36
DA:7,36
DA:10,0
DA:11,0
DA:14,36
DA:17,6
DA:35,6
LF:10
LH:8
BRDA:3,0,0,36
BRDA:3,0,1,0
BRDA:3,0,2,0
BRF:3
BRH:1
end_of_record
TN:
SF:src/controller/booking.controller.ts
FN:7,(anonymous_7)
FN:7,(anonymous_8)
FN:24,(anonymous_9)
FN:24,(anonymous_10)
FN:58,(anonymous_11)
FN:58,(anonymous_12)
FN:77,(anonymous_13)
FN:77,(anonymous_14)
FNF:8
FNH:4
FNDA:1,(anonymous_7)
FNDA:1,(anonymous_8)
FNDA:1,(anonymous_9)
FNDA:1,(anonymous_10)
FNDA:0,(anonymous_11)
FNDA:0,(anonymous_12)
FNDA:0,(anonymous_13)
FNDA:0,(anonymous_14)
DA:2,6
DA:3,6
DA:7,6
DA:8,1
DA:9,1
DA:10,1
DA:12,1
DA:17,0
DA:18,0
DA:24,6
DA:25,1
DA:26,1
DA:27,1
DA:29,1
DA:30,1
DA:31,1
DA:37,1
DA:43,1
DA:44,1
DA:45,1
DA:46,1
DA:51,0
DA:52,0
DA:58,6
DA:59,0
DA:60,0
DA:62,0
DA:63,0
DA:64,0
DA:65,0
DA:70,0
DA:71,0
DA:77,6
DA:78,0
DA:79,0
DA:81,0
DA:83,0
DA:84,0
DA:85,0
DA:86,0
DA:88,0
DA:89,0
DA:92,0
DA:93,0
DA:94,0
DA:96,0
DA:102,0
DA:103,0
LF:48
LH:21
BRF:0
BRH:0
end_of_record
TN:
SF:src/controller/dayAvailability.controller.ts
FN:7,(anonymous_7)
FN:7,(anonymous_8)
FN:16,(anonymous_9)
FN:16,(anonymous_10)
FN:34,(anonymous_11)
FN:52,(anonymous_12)
FN:52,(anonymous_13)
FN:74,(anonymous_14)
FN:74,(anonymous_15)
FN:92,(anonymous_16)
FN:92,(anonymous_17)
FNF:11
FNH:7
FNDA:1,(anonymous_7)
FNDA:1,(anonymous_8)
FNDA:1,(anonymous_9)
FNDA:1,(anonymous_10)
FNDA:1,(anonymous_11)
FNDA:0,(anonymous_12)
FNDA:0,(anonymous_13)
FNDA:0,(anonymous_14)
FNDA:0,(anonymous_15)
FNDA:1,(anonymous_16)
FNDA:1,(anonymous_17)
DA:2,6
DA:3,6
DA:4,6
DA:5,6
DA:7,6
DA:8,1
DA:9,1
DA:10,1
DA:11,1
DA:16,6
DA:17,1
DA:18,1
DA:20,1
DA:21,1
DA:22,1
DA:26,0
DA:27,0
DA:34,6
DA:35,1
DA:36,1
DA:38,7
DA:39,7
DA:40,7
DA:41,7
DA:42,7
DA:43,7
DA:44,7
DA:45,7
DA:48,1
DA:49,1
DA:52,6
DA:53,0
DA:54,0
DA:55,0
DA:57,0
DA:58,0
DA:59,0
DA:60,0
DA:61,0
DA:62,0
DA:63,0
DA:64,0
DA:68,0
DA:69,0
DA:74,6
DA:75,0
DA:76,0
DA:78,0
DA:79,0
DA:80,0
DA:81,0
DA:85,0
DA:86,0
DA:92,6
DA:93,1
DA:94,1
DA:95,1
DA:97,1
DA:98,1
DA:99,1
DA:100,1
DA:101,1
DA:102,1
DA:103,1
DA:106,1
DA:107,1
DA:109,1
DA:113,0
DA:114,0
LF:69
LH:44
BRDA:101,0,0,1
BRDA:101,0,1,0
BRF:2
BRH:1
end_of_record
TN:
SF:src/controller/invitee.controller.ts
FN:5,(anonymous_7)
FN:5,(anonymous_8)
FN:23,(anonymous_9)
FN:23,(anonymous_10)
FN:47,(anonymous_11)
FN:47,(anonymous_12)
FN:67,(anonymous_13)
FN:67,(anonymous_14)
FNF:8
FNH:8
FNDA:1,(anonymous_7)
FNDA:1,(anonymous_8)
FNDA:1,(anonymous_9)
FNDA:1,(anonymous_10)
FNDA:1,(anonymous_11)
FNDA:1,(anonymous_12)
FNDA:1,(anonymous_13)
FNDA:1,(anonymous_14)
DA:2,6
DA:3,6
DA:5,6
DA:6,1
DA:7,1
DA:8,1
DA:10,1
DA:14,0
DA:15,0
DA:23,6
DA:24,1
DA:25,1
DA:26,1
DA:27,1
DA:28,1
DA:29,1
DA:30,1
DA:32,1
DA:33,1
DA:38,0
DA:39,0
DA:47,6
DA:48,1
DA:49,1
DA:51,1
DA:52,1
DA:53,1
DA:54,1
DA:60,0
DA:61,0
DA:67,6
DA:68,1
DA:69,1
DA:70,1
DA:73,1
DA:74,1
DA:75,1
DA:76,1
DA:77,1
DA:80,1
DA:84,1
DA:86,1
DA:92,0
DA:93,0
LF:44
LH:36
BRF:0
BRH:0
end_of_record
TN:
SF:src/controller/user.controller.ts
FN:10,(anonymous_7)
FN:10,(anonymous_8)
FN:32,(anonymous_9)
FN:32,(anonymous_10)
FN:47,(anonymous_11)
FN:47,(anonymous_12)
FN:69,(anonymous_13)
FN:69,(anonymous_14)
FN:83,(anonymous_15)
FN:83,(anonymous_16)
FN:98,(anonymous_17)
FN:98,(anonymous_18)
FN:114,(anonymous_19)
FN:114,(anonymous_20)
FN:146,(anonymous_21)
FN:146,(anonymous_22)
FN:166,(anonymous_23)
FN:166,(anonymous_24)
FN:200,(anonymous_25)
FN:200,(anonymous_26)
FNF:20
FNH:20
FNDA:1,(anonymous_7)
FNDA:1,(anonymous_8)
FNDA:1,(anonymous_9)
FNDA:1,(anonymous_10)
FNDA:1,(anonymous_11)
FNDA:1,(anonymous_12)
FNDA:1,(anonymous_13)
FNDA:1,(anonymous_14)
FNDA:1,(anonymous_15)
FNDA:1,(anonymous_16)
FNDA:1,(anonymous_17)
FNDA:1,(anonymous_18)
FNDA:1,(anonymous_19)
FNDA:1,(anonymous_20)
FNDA:1,(anonymous_21)
FNDA:1,(anonymous_22)
FNDA:1,(anonymous_23)
FNDA:1,(anonymous_24)
FNDA:1,(anonymous_25)
FNDA:1,(anonymous_26)
DA:2,6
DA:3,6
DA:4,6
DA:5,6
DA:6,6
DA:10,6
DA:11,1
DA:12,1
DA:13,1
DA:14,1
DA:15,1
DA:16,1
DA:17,1
DA:18,1
DA:19,1
DA:20,1
DA:21,1
DA:22,1
DA:23,1
DA:24,1
DA:27,0
DA:32,6
DA:33,1
DA:34,1
DA:35,1
DA:36,1
DA:37,1
DA:42,0
DA:47,6
DA:48,1
DA:49,1
DA:50,1
DA:51,1
DA:52,1
DA:53,1
DA:54,1
DA:55,1
DA:56,1
DA:57,1
DA:58,1
DA:63,0
DA:69,6
DA:70,1
DA:71,1
DA:72,1
DA:73,1
DA:74,1
DA:75,1
DA:78,0
DA:83,6
DA:84,1
DA:85,1
DA:86,1
DA:87,1
DA:88,1
DA:93,0
DA:98,6
DA:99,1
DA:100,1
DA:101,1
DA:102,1
DA:108,0
DA:114,6
DA:115,1
DA:116,1
DA:117,1
DA:119,1
DA:120,1
DA:121,1
DA:122,1
DA:124,1
DA:125,0
DA:127,1
DA:128,1
DA:131,1
DA:133,1
DA:134,1
DA:139,0
DA:146,6
DA:147,1
DA:148,1
DA:150,1
DA:151,1
DA:152,1
DA:153,1
DA:158,0
DA:166,6
DA:167,1
DA:169,1
DA:172,1
DA:177,1
DA:178,0
DA:184,1
DA:186,1
DA:187,1
DA:188,1
DA:189,1
DA:190,1
DA:192,1
DA:194,1
DA:200,6
DA:201,1
DA:202,1
DA:205,1
DA:211,1
DA:212,0
DA:215,1
DA:216,1
DA:217,0
DA:220,1
DA:226,1
LF:111
LH:99
BRDA:121,0,0,1
BRDA:121,0,1,0
BRDA:124,1,0,0
BRDA:124,1,1,1
BRDA:127,2,0,1
BRDA:127,2,1,0
BRDA:177,3,0,0
BRDA:177,3,1,1
BRDA:211,4,0,0
BRDA:211,4,1,1
BRDA:216,5,0,0
BRDA:216,5,1,1
BRF:12
BRH:6
end_of_record
TN:
SF:src/entity/Booking.ts
FN:26,(anonymous_2)
FN:30,(anonymous_3)
FN:30,(anonymous_4)
FNF:3
FNH:3
FNDA:6,(anonymous_2)
FNDA:6,(anonymous_3)
FNDA:6,(anonymous_4)
DA:1,6
DA:2,6
DA:3,6
DA:4,6
DA:6,6
DA:9,6
DA:12,6
DA:15,6
DA:18,6
DA:21,6
DA:24,6
DA:26,6
DA:28,6
DA:30,6
DA:31,6
LF:15
LH:15
BRF:0
BRH:0
end_of_record
TN:
SF:src/entity/DayAvailability.ts
FN:10,(anonymous_2)
FN:10,(anonymous_3)
FNF:2
FNH:2
FNDA:6,(anonymous_2)
FNDA:6,(anonymous_3)
DA:1,6
DA:2,6
DA:3,6
DA:6,6
DA:8,6
DA:10,6
DA:11,6
DA:18,6
DA:21,6
DA:24,6
DA:27,6
DA:30,6
DA:33,6
DA:36,6
DA:39,6
DA:42,6
LF:16
LH:16
BRF:0
BRH:0
end_of_record
TN:
SF:src/entity/EventType.ts
FN:22,(anonymous_2)
FN:22,(anonymous_3)
FN:25,(anonymous_4)
FN:25,(anonymous_5)
FNF:4
FNH:4
FNDA:6,(anonymous_2)
FNDA:6,(anonymous_3)
FNDA:6,(anonymous_4)
FNDA:6,(anonymous_5)
DA:1,6
DA:2,6
DA:3,6
DA:6,6
DA:8,6
DA:11,6
DA:14,6
DA:17,6
DA:20,6
DA:22,6
DA:23,6
DA:25,6
DA:26,6
DA:30,6
DA:33,6
DA:36,6
LF:16
LH:16
BRF:0
BRH:0
end_of_record
TN:
SF:src/entity/Invitee.ts
FNF:0
FNH:0
DA:1,6
DA:2,6
DA:8,6
DA:10,6
DA:13,6
DA:16,6
DA:21,6
DA:24,6
DA:27,6
DA:30,6
LF:10
LH:10
BRF:0
BRH:0
end_of_record
TN:
SF:src/entity/ProfilePhoto.ts
FNF:0
FNH:0
DA:1,6
DA:4,6
DA:6,6
DA:9,6
DA:12,6
DA:15,6
DA:18,6
LF:7
LH:7
BRF:0
BRH:0
end_of_record
TN:
SF:src/entity/User.ts
FN:20,(anonymous_2)
FN:20,(anonymous_3)
FN:29,(anonymous_4)
FN:33,(anonymous_5)
FN:33,(anonymous_6)
FNF:5
FNH:5
FNDA:6,(anonymous_2)
FNDA:6,(anonymous_3)
FNDA:6,(anonymous_4)
FNDA:6,(anonymous_5)
FNDA:6,(anonymous_6)
DA:1,6
DA:2,6
DA:3,6
DA:4,6
DA:7,6
DA:9,6
DA:12,6
DA:15,6
DA:18,6
DA:20,6
DA:24,6
DA:27,6
DA:29,6
DA:31,6
DA:33,6
DA:36,6
DA:39,6
DA:42,6
DA:45,6
LF:19
LH:19
BRF:0
BRH:0
end_of_record
TN:
SF:src/enums/day.ts
FN:1,(anonymous_0)
FN:11,(anonymous_1)
FNF:2
FNH:2
FNDA:6,(anonymous_0)
FNDA:7,(anonymous_1)
DA:1,6
DA:2,6
DA:3,6
DA:4,6
DA:5,6
DA:6,6
DA:7,6
DA:8,6
DA:11,6
DA:14,7
DA:16,1
DA:17,1
DA:19,1
DA:20,1
DA:22,1
DA:23,1
DA:25,1
DA:26,1
DA:28,1
DA:29,1
DA:31,1
DA:32,1
DA:34,1
DA:35,1
DA:37,0
DA:40,7
LF:26
LH:25
BRDA:1,0,0,6
BRDA:1,0,1,6
BRDA:15,1,0,1
BRDA:15,1,1,1
BRDA:15,1,2,1
BRDA:15,1,3,1
BRDA:15,1,4,1
BRDA:15,1,5,1
BRDA:15,1,6,1
BRDA:15,1,7,0
BRF:10
BRH:9
end_of_record
TN:
SF:src/enums/status.ts
FN:1,(anonymous_0)
FNF:1
FNH:1
FNDA:6,(anonymous_0)
DA:1,6
DA:2,6
DA:3,6
LF:3
LH:3
BRDA:1,0,0,6
BRDA:1,0,1,6
BRF:2
BRH:2
end_of_record
TN:
SF:src/middleware/authentication.ts
FN:23,(anonymous_8)
FN:27,(anonymous_10)
FN:35,(anonymous_12)
FN:39,(anonymous_14)
FN:48,(anonymous_16)
FNF:5
FNH:4
FNDA:1,(anonymous_8)
FNDA:1,(anonymous_10)
FNDA:1,(anonymous_12)
FNDA:1,(anonymous_14)
FNDA:0,(anonymous_16)
DA:1,6
DA:2,6
DA:15,6
DA:16,6
DA:17,6
DA:21,6
DA:24,1
DA:28,1
DA:29,1
DA:31,0
DA:36,1
DA:40,1
DA:41,1
DA:42,1
DA:44,0
DA:49,0
DA:52,0
DA:53,0
DA:57,0
DA:58,0
DA:59,0
DA:62,0
LF:22
LH:13
BRDA:52,0,0,0
BRDA:52,0,1,0
BRDA:58,1,0,0
BRDA:58,1,1,0
BRF:4
BRH:0
end_of_record
TN:
SF:src/router/booking.router.ts
FNF:0
FNH:0
DA:1,6
DA:2,6
DA:5,6
DA:8,6
DA:11,6
DA:14,6
DA:17,6
LF:7
LH:7
BRF:0
BRH:0
end_of_record
TN:
SF:src/router/dayAvailability.router.ts
FNF:0
FNH:0
DA:1,6
DA:2,6
DA:5,6
DA:7,6
DA:8,6
DA:9,6
DA:10,6
DA:11,6
LF:8
LH:8
BRF:0
BRH:0
end_of_record
TN:
SF:src/router/global.router.ts
FN:9,(anonymous_7)
FN:9,(anonymous_8)
FNF:2
FNH:0
FNDA:0,(anonymous_7)
FNDA:0,(anonymous_8)
DA:1,6
DA:2,6
DA:3,6
DA:4,6
DA:5,6
DA:7,6
DA:9,6
DA:10,0
DA:13,6
DA:14,6
DA:16,6
DA:18,6
LF:12
LH:11
BRF:0
BRH:0
end_of_record
TN:
SF:src/router/invitee.router.ts
FNF:0
FNH:0
DA:1,6
DA:2,6
DA:4,6
DA:7,6
DA:10,6
DA:13,6
DA:16,6
LF:7
LH:7
BRF:0
BRH:0
end_of_record
TN:
SF:src/router/user.router.ts
FNF:0
FNH:0
DA:1,6
DA:2,6
DA:4,6
DA:8,6
DA:11,6
DA:14,6
DA:17,6
DA:20,6
DA:23,6
DA:26,6
DA:29,6
DA:32,6
DA:35,6
LF:13
LH:13
BRF:0
BRH:0
end_of_record
TN:
SF:test/helper.ts
FN:10,(anonymous_14)
FN:29,(anonymous_15)
FN:29,(anonymous_16)
FN:14,(anonymous_17)
FN:32,(anonymous_19)
FN:36,(anonymous_21)
FN:50,(anonymous_23)
FN:54,(anonymous_24)
FN:58,(anonymous_25)
FNF:9
FNH:7
FNDA:6,(anonymous_14)
FNDA:24,(anonymous_15)
FNDA:24,(anonymous_16)
FNDA:6,(anonymous_17)
FNDA:6,(anonymous_19)
FNDA:24,(anonymous_21)
FNDA:0,(anonymous_23)
FNDA:118,(anonymous_24)
FNDA:0,(anonymous_25)
DA:1,6
DA:2,6
DA:3,6
DA:4,6
DA:5,6
DA:6,6
DA:7,6
DA:8,6
DA:10,6
DA:15,6
DA:16,6
DA:17,6
DA:20,6
DA:21,6
DA:22,6
DA:26,6
DA:27,6
DA:29,24
DA:30,24
DA:33,6
DA:37,24
DA:38,24
DA:40,24
DA:41,24
DA:42,24
DA:44,24
DA:45,96
DA:46,96
DA:51,0
DA:55,118
DA:59,0
DA:61,0
LF:32
LH:29
BRF:0
BRH:0
end_of_record
